<?xml version="1.0" encoding="UTF-8"?>
<testng-results skipped="9" failed="0" total="10" passed="1">
  <reporter-output>
  </reporter-output>
  <suite name="Default suite" duration-ms="70145" started-at="2016-08-21T14:37:39Z" finished-at="2016-08-21T14:38:50Z">
    <groups>
    </groups>
    <test name="Default test" duration-ms="70145" started-at="2016-08-21T14:37:39Z" finished-at="2016-08-21T14:38:50Z">
      <class name="org.ivymobility.com.PriceGroups.PM_PG_TC_02_ToveifyADDfunction">
        <test-method status="PASS" signature="checkSuiteSkip()[pri:0, instance:org.ivymobility.com.PriceGroups.PM_PG_TC_02_ToveifyADDfunction@2c9557e1]" name="checkSuiteSkip" is-config="true" duration-ms="635488" started-at="2016-08-21T19:57:04Z" finished-at="2016-08-21T20:07:39Z">
          <reporter-output>
          </reporter-output>
        </test-method> <!-- checkSuiteSkip -->
        <test-method status="PASS" signature="checkTestSkip()[pri:0, instance:org.ivymobility.com.PriceGroups.PM_PG_TC_02_ToveifyADDfunction@2c9557e1]" name="checkTestSkip" is-config="true" duration-ms="3" started-at="2016-08-21T20:07:39Z" finished-at="2016-08-21T20:07:40Z">
          <reporter-output>
          </reporter-output>
        </test-method> <!-- checkTestSkip -->
        <test-method status="SKIP" signature="test1(java.lang.String, java.lang.String, java.lang.String)[pri:0, instance:org.ivymobility.com.PriceGroups.PM_PG_TC_02_ToveifyADDfunction@2c9557e1]" name="test1" duration-ms="10" started-at="2016-08-21T20:07:40Z" data-provider="getTestData" finished-at="2016-08-21T20:07:40Z">
          <params>
            <param index="0">
              <value>
                <![CDATA[AT_Price_A_01]]>
              </value>
            </param>
            <param index="1">
              <value>
                <![CDATA[AT_Price_A_01]]>
              </value>
            </param>
            <param index="2">
              <value>
                <![CDATA[10.0]]>
              </value>
            </param>
          </params>
          <exception class="org.testng.SkipException">
            <message>
              <![CDATA[Run mode to test data was set to NO for row #0]]>
            </message>
            <full-stacktrace>
              <![CDATA[org.testng.SkipException: Run mode to test data was set to NO for row #0
	at org.ivymobility.com.PriceGroups.PM_PG_TC_02_ToveifyADDfunction.test1(PM_PG_TC_02_ToveifyADDfunction.java:54)
	at sun.reflect.NativeMethodAccessorImpl.invoke0(Native Method)
	at sun.reflect.NativeMethodAccessorImpl.invoke(NativeMethodAccessorImpl.java:57)
	at sun.reflect.DelegatingMethodAccessorImpl.invoke(DelegatingMethodAccessorImpl.java:43)
	at java.lang.reflect.Method.invoke(Method.java:606)
	at org.testng.internal.MethodInvocationHelper.invokeMethod(MethodInvocationHelper.java:85)
	at org.testng.internal.Invoker.invokeMethod(Invoker.java:639)
	at org.testng.internal.Invoker.invokeTestMethod(Invoker.java:816)
	at org.testng.internal.Invoker.invokeTestMethods(Invoker.java:1124)
	at org.testng.internal.TestMethodWorker.invokeTestMethods(TestMethodWorker.java:125)
	at org.testng.internal.TestMethodWorker.run(TestMethodWorker.java:108)
	at org.testng.TestRunner.privateRun(TestRunner.java:774)
	at org.testng.TestRunner.run(TestRunner.java:624)
	at org.testng.SuiteRunner.runTest(SuiteRunner.java:359)
	at org.testng.SuiteRunner.runSequentially(SuiteRunner.java:354)
	at org.testng.SuiteRunner.privateRun(SuiteRunner.java:312)
	at org.testng.SuiteRunner.run(SuiteRunner.java:261)
	at org.testng.SuiteRunnerWorker.runSuite(SuiteRunnerWorker.java:52)
	at org.testng.SuiteRunnerWorker.run(SuiteRunnerWorker.java:86)
	at org.testng.TestNG.runSuitesSequentially(TestNG.java:1215)
	at org.testng.TestNG.runSuitesLocally(TestNG.java:1140)
	at org.testng.TestNG.run(TestNG.java:1048)
	at org.testng.remote.AbstractRemoteTestNG.run(AbstractRemoteTestNG.java:126)
	at org.testng.remote.RemoteTestNG.initAndRun(RemoteTestNG.java:137)
	at org.testng.remote.RemoteTestNG.main(RemoteTestNG.java:58)
]]>
            </full-stacktrace>
          </exception> <!-- org.testng.SkipException -->
          <reporter-output>
          </reporter-output>
        </test-method> <!-- test1 -->
        <test-method status="PASS" signature="reportDatasetResult()[pri:0, instance:org.ivymobility.com.PriceGroups.PM_PG_TC_02_ToveifyADDfunction@2c9557e1]" name="reportDatasetResult" is-config="true" duration-ms="1083" started-at="2016-08-21T20:07:40Z" finished-at="2016-08-21T20:07:41Z">
          <reporter-output>
          </reporter-output>
        </test-method> <!-- reportDatasetResult -->
        <test-method status="SKIP" signature="test1(java.lang.String, java.lang.String, java.lang.String)[pri:0, instance:org.ivymobility.com.PriceGroups.PM_PG_TC_02_ToveifyADDfunction@2c9557e1]" name="test1" duration-ms="7" started-at="2016-08-21T20:07:41Z" data-provider="getTestData" finished-at="2016-08-21T20:07:41Z">
          <params>
            <param index="0">
              <value>
                <![CDATA[AT_Price_A_02]]>
              </value>
            </param>
            <param index="1">
              <value>
                <![CDATA[AT_Price_A_02]]>
              </value>
            </param>
            <param index="2">
              <value>
                <![CDATA[10.0]]>
              </value>
            </param>
          </params>
          <exception class="org.testng.SkipException">
            <message>
              <![CDATA[Run mode to test data was set to NO for row #1]]>
            </message>
            <full-stacktrace>
              <![CDATA[org.testng.SkipException: Run mode to test data was set to NO for row #1
	at org.ivymobility.com.PriceGroups.PM_PG_TC_02_ToveifyADDfunction.test1(PM_PG_TC_02_ToveifyADDfunction.java:54)
	at sun.reflect.NativeMethodAccessorImpl.invoke0(Native Method)
	at sun.reflect.NativeMethodAccessorImpl.invoke(NativeMethodAccessorImpl.java:57)
	at sun.reflect.DelegatingMethodAccessorImpl.invoke(DelegatingMethodAccessorImpl.java:43)
	at java.lang.reflect.Method.invoke(Method.java:606)
	at org.testng.internal.MethodInvocationHelper.invokeMethod(MethodInvocationHelper.java:85)
	at org.testng.internal.Invoker.invokeMethod(Invoker.java:639)
	at org.testng.internal.Invoker.invokeTestMethod(Invoker.java:816)
	at org.testng.internal.Invoker.invokeTestMethods(Invoker.java:1124)
	at org.testng.internal.TestMethodWorker.invokeTestMethods(TestMethodWorker.java:125)
	at org.testng.internal.TestMethodWorker.run(TestMethodWorker.java:108)
	at org.testng.TestRunner.privateRun(TestRunner.java:774)
	at org.testng.TestRunner.run(TestRunner.java:624)
	at org.testng.SuiteRunner.runTest(SuiteRunner.java:359)
	at org.testng.SuiteRunner.runSequentially(SuiteRunner.java:354)
	at org.testng.SuiteRunner.privateRun(SuiteRunner.java:312)
	at org.testng.SuiteRunner.run(SuiteRunner.java:261)
	at org.testng.SuiteRunnerWorker.runSuite(SuiteRunnerWorker.java:52)
	at org.testng.SuiteRunnerWorker.run(SuiteRunnerWorker.java:86)
	at org.testng.TestNG.runSuitesSequentially(TestNG.java:1215)
	at org.testng.TestNG.runSuitesLocally(TestNG.java:1140)
	at org.testng.TestNG.run(TestNG.java:1048)
	at org.testng.remote.AbstractRemoteTestNG.run(AbstractRemoteTestNG.java:126)
	at org.testng.remote.RemoteTestNG.initAndRun(RemoteTestNG.java:137)
	at org.testng.remote.RemoteTestNG.main(RemoteTestNG.java:58)
]]>
            </full-stacktrace>
          </exception> <!-- org.testng.SkipException -->
          <reporter-output>
          </reporter-output>
        </test-method> <!-- test1 -->
        <test-method status="PASS" signature="reportDatasetResult()[pri:0, instance:org.ivymobility.com.PriceGroups.PM_PG_TC_02_ToveifyADDfunction@2c9557e1]" name="reportDatasetResult" is-config="true" duration-ms="34" started-at="2016-08-21T20:07:41Z" finished-at="2016-08-21T20:07:41Z">
          <reporter-output>
          </reporter-output>
        </test-method> <!-- reportDatasetResult -->
        <test-method status="SKIP" signature="test1(java.lang.String, java.lang.String, java.lang.String)[pri:0, instance:org.ivymobility.com.PriceGroups.PM_PG_TC_02_ToveifyADDfunction@2c9557e1]" name="test1" duration-ms="3" started-at="2016-08-21T20:07:41Z" data-provider="getTestData" finished-at="2016-08-21T20:07:41Z">
          <params>
            <param index="0">
              <value>
                <![CDATA[AT_Price_A_03]]>
              </value>
            </param>
            <param index="1">
              <value>
                <![CDATA[AT_Price_A_03]]>
              </value>
            </param>
            <param index="2">
              <value>
                <![CDATA[10.0]]>
              </value>
            </param>
          </params>
          <exception class="org.testng.SkipException">
            <message>
              <![CDATA[Run mode to test data was set to NO for row #2]]>
            </message>
            <full-stacktrace>
              <![CDATA[org.testng.SkipException: Run mode to test data was set to NO for row #2
	at org.ivymobility.com.PriceGroups.PM_PG_TC_02_ToveifyADDfunction.test1(PM_PG_TC_02_ToveifyADDfunction.java:54)
	at sun.reflect.NativeMethodAccessorImpl.invoke0(Native Method)
	at sun.reflect.NativeMethodAccessorImpl.invoke(NativeMethodAccessorImpl.java:57)
	at sun.reflect.DelegatingMethodAccessorImpl.invoke(DelegatingMethodAccessorImpl.java:43)
	at java.lang.reflect.Method.invoke(Method.java:606)
	at org.testng.internal.MethodInvocationHelper.invokeMethod(MethodInvocationHelper.java:85)
	at org.testng.internal.Invoker.invokeMethod(Invoker.java:639)
	at org.testng.internal.Invoker.invokeTestMethod(Invoker.java:816)
	at org.testng.internal.Invoker.invokeTestMethods(Invoker.java:1124)
	at org.testng.internal.TestMethodWorker.invokeTestMethods(TestMethodWorker.java:125)
	at org.testng.internal.TestMethodWorker.run(TestMethodWorker.java:108)
	at org.testng.TestRunner.privateRun(TestRunner.java:774)
	at org.testng.TestRunner.run(TestRunner.java:624)
	at org.testng.SuiteRunner.runTest(SuiteRunner.java:359)
	at org.testng.SuiteRunner.runSequentially(SuiteRunner.java:354)
	at org.testng.SuiteRunner.privateRun(SuiteRunner.java:312)
	at org.testng.SuiteRunner.run(SuiteRunner.java:261)
	at org.testng.SuiteRunnerWorker.runSuite(SuiteRunnerWorker.java:52)
	at org.testng.SuiteRunnerWorker.run(SuiteRunnerWorker.java:86)
	at org.testng.TestNG.runSuitesSequentially(TestNG.java:1215)
	at org.testng.TestNG.runSuitesLocally(TestNG.java:1140)
	at org.testng.TestNG.run(TestNG.java:1048)
	at org.testng.remote.AbstractRemoteTestNG.run(AbstractRemoteTestNG.java:126)
	at org.testng.remote.RemoteTestNG.initAndRun(RemoteTestNG.java:137)
	at org.testng.remote.RemoteTestNG.main(RemoteTestNG.java:58)
]]>
            </full-stacktrace>
          </exception> <!-- org.testng.SkipException -->
          <reporter-output>
          </reporter-output>
        </test-method> <!-- test1 -->
        <test-method status="PASS" signature="reportDatasetResult()[pri:0, instance:org.ivymobility.com.PriceGroups.PM_PG_TC_02_ToveifyADDfunction@2c9557e1]" name="reportDatasetResult" is-config="true" duration-ms="20" started-at="2016-08-21T20:07:41Z" finished-at="2016-08-21T20:07:41Z">
          <reporter-output>
          </reporter-output>
        </test-method> <!-- reportDatasetResult -->
        <test-method status="SKIP" signature="test1(java.lang.String, java.lang.String, java.lang.String)[pri:0, instance:org.ivymobility.com.PriceGroups.PM_PG_TC_02_ToveifyADDfunction@2c9557e1]" name="test1" duration-ms="3" started-at="2016-08-21T20:07:41Z" data-provider="getTestData" finished-at="2016-08-21T20:07:41Z">
          <params>
            <param index="0">
              <value>
                <![CDATA[AT_Price_A_04]]>
              </value>
            </param>
            <param index="1">
              <value>
                <![CDATA[AT_Price_A_04]]>
              </value>
            </param>
            <param index="2">
              <value>
                <![CDATA[10.0]]>
              </value>
            </param>
          </params>
          <exception class="org.testng.SkipException">
            <message>
              <![CDATA[Run mode to test data was set to NO for row #3]]>
            </message>
            <full-stacktrace>
              <![CDATA[org.testng.SkipException: Run mode to test data was set to NO for row #3
	at org.ivymobility.com.PriceGroups.PM_PG_TC_02_ToveifyADDfunction.test1(PM_PG_TC_02_ToveifyADDfunction.java:54)
	at sun.reflect.NativeMethodAccessorImpl.invoke0(Native Method)
	at sun.reflect.NativeMethodAccessorImpl.invoke(NativeMethodAccessorImpl.java:57)
	at sun.reflect.DelegatingMethodAccessorImpl.invoke(DelegatingMethodAccessorImpl.java:43)
	at java.lang.reflect.Method.invoke(Method.java:606)
	at org.testng.internal.MethodInvocationHelper.invokeMethod(MethodInvocationHelper.java:85)
	at org.testng.internal.Invoker.invokeMethod(Invoker.java:639)
	at org.testng.internal.Invoker.invokeTestMethod(Invoker.java:816)
	at org.testng.internal.Invoker.invokeTestMethods(Invoker.java:1124)
	at org.testng.internal.TestMethodWorker.invokeTestMethods(TestMethodWorker.java:125)
	at org.testng.internal.TestMethodWorker.run(TestMethodWorker.java:108)
	at org.testng.TestRunner.privateRun(TestRunner.java:774)
	at org.testng.TestRunner.run(TestRunner.java:624)
	at org.testng.SuiteRunner.runTest(SuiteRunner.java:359)
	at org.testng.SuiteRunner.runSequentially(SuiteRunner.java:354)
	at org.testng.SuiteRunner.privateRun(SuiteRunner.java:312)
	at org.testng.SuiteRunner.run(SuiteRunner.java:261)
	at org.testng.SuiteRunnerWorker.runSuite(SuiteRunnerWorker.java:52)
	at org.testng.SuiteRunnerWorker.run(SuiteRunnerWorker.java:86)
	at org.testng.TestNG.runSuitesSequentially(TestNG.java:1215)
	at org.testng.TestNG.runSuitesLocally(TestNG.java:1140)
	at org.testng.TestNG.run(TestNG.java:1048)
	at org.testng.remote.AbstractRemoteTestNG.run(AbstractRemoteTestNG.java:126)
	at org.testng.remote.RemoteTestNG.initAndRun(RemoteTestNG.java:137)
	at org.testng.remote.RemoteTestNG.main(RemoteTestNG.java:58)
]]>
            </full-stacktrace>
          </exception> <!-- org.testng.SkipException -->
          <reporter-output>
          </reporter-output>
        </test-method> <!-- test1 -->
        <test-method status="PASS" signature="reportDatasetResult()[pri:0, instance:org.ivymobility.com.PriceGroups.PM_PG_TC_02_ToveifyADDfunction@2c9557e1]" name="reportDatasetResult" is-config="true" duration-ms="20" started-at="2016-08-21T20:07:41Z" finished-at="2016-08-21T20:07:41Z">
          <reporter-output>
          </reporter-output>
        </test-method> <!-- reportDatasetResult -->
        <test-method status="SKIP" signature="test1(java.lang.String, java.lang.String, java.lang.String)[pri:0, instance:org.ivymobility.com.PriceGroups.PM_PG_TC_02_ToveifyADDfunction@2c9557e1]" name="test1" duration-ms="3" started-at="2016-08-21T20:07:41Z" data-provider="getTestData" finished-at="2016-08-21T20:07:41Z">
          <params>
            <param index="0">
              <value>
                <![CDATA[AT_Price_A_05]]>
              </value>
            </param>
            <param index="1">
              <value>
                <![CDATA[AT_Price_A_05]]>
              </value>
            </param>
            <param index="2">
              <value>
                <![CDATA[10.0]]>
              </value>
            </param>
          </params>
          <exception class="org.testng.SkipException">
            <message>
              <![CDATA[Run mode to test data was set to NO for row #4]]>
            </message>
            <full-stacktrace>
              <![CDATA[org.testng.SkipException: Run mode to test data was set to NO for row #4
	at org.ivymobility.com.PriceGroups.PM_PG_TC_02_ToveifyADDfunction.test1(PM_PG_TC_02_ToveifyADDfunction.java:54)
	at sun.reflect.NativeMethodAccessorImpl.invoke0(Native Method)
	at sun.reflect.NativeMethodAccessorImpl.invoke(NativeMethodAccessorImpl.java:57)
	at sun.reflect.DelegatingMethodAccessorImpl.invoke(DelegatingMethodAccessorImpl.java:43)
	at java.lang.reflect.Method.invoke(Method.java:606)
	at org.testng.internal.MethodInvocationHelper.invokeMethod(MethodInvocationHelper.java:85)
	at org.testng.internal.Invoker.invokeMethod(Invoker.java:639)
	at org.testng.internal.Invoker.invokeTestMethod(Invoker.java:816)
	at org.testng.internal.Invoker.invokeTestMethods(Invoker.java:1124)
	at org.testng.internal.TestMethodWorker.invokeTestMethods(TestMethodWorker.java:125)
	at org.testng.internal.TestMethodWorker.run(TestMethodWorker.java:108)
	at org.testng.TestRunner.privateRun(TestRunner.java:774)
	at org.testng.TestRunner.run(TestRunner.java:624)
	at org.testng.SuiteRunner.runTest(SuiteRunner.java:359)
	at org.testng.SuiteRunner.runSequentially(SuiteRunner.java:354)
	at org.testng.SuiteRunner.privateRun(SuiteRunner.java:312)
	at org.testng.SuiteRunner.run(SuiteRunner.java:261)
	at org.testng.SuiteRunnerWorker.runSuite(SuiteRunnerWorker.java:52)
	at org.testng.SuiteRunnerWorker.run(SuiteRunnerWorker.java:86)
	at org.testng.TestNG.runSuitesSequentially(TestNG.java:1215)
	at org.testng.TestNG.runSuitesLocally(TestNG.java:1140)
	at org.testng.TestNG.run(TestNG.java:1048)
	at org.testng.remote.AbstractRemoteTestNG.run(AbstractRemoteTestNG.java:126)
	at org.testng.remote.RemoteTestNG.initAndRun(RemoteTestNG.java:137)
	at org.testng.remote.RemoteTestNG.main(RemoteTestNG.java:58)
]]>
            </full-stacktrace>
          </exception> <!-- org.testng.SkipException -->
          <reporter-output>
          </reporter-output>
        </test-method> <!-- test1 -->
        <test-method status="PASS" signature="reportDatasetResult()[pri:0, instance:org.ivymobility.com.PriceGroups.PM_PG_TC_02_ToveifyADDfunction@2c9557e1]" name="reportDatasetResult" is-config="true" duration-ms="20" started-at="2016-08-21T20:07:41Z" finished-at="2016-08-21T20:07:41Z">
          <reporter-output>
          </reporter-output>
        </test-method> <!-- reportDatasetResult -->
        <test-method status="PASS" signature="test1(java.lang.String, java.lang.String, java.lang.String)[pri:0, instance:org.ivymobility.com.PriceGroups.PM_PG_TC_02_ToveifyADDfunction@2c9557e1]" name="test1" duration-ms="68630" started-at="2016-08-21T20:07:41Z" data-provider="getTestData" finished-at="2016-08-21T20:08:49Z">
          <params>
            <param index="0">
              <value>
                <![CDATA[AT_Price_A_06]]>
              </value>
            </param>
            <param index="1">
              <value>
                <![CDATA[AT_Price_A_06]]>
              </value>
            </param>
            <param index="2">
              <value>
                <![CDATA[10.0]]>
              </value>
            </param>
          </params>
          <reporter-output>
          </reporter-output>
        </test-method> <!-- test1 -->
        <test-method status="PASS" signature="reportDatasetResult()[pri:0, instance:org.ivymobility.com.PriceGroups.PM_PG_TC_02_ToveifyADDfunction@2c9557e1]" name="reportDatasetResult" is-config="true" duration-ms="34" started-at="2016-08-21T20:08:49Z" finished-at="2016-08-21T20:08:49Z">
          <reporter-output>
          </reporter-output>
        </test-method> <!-- reportDatasetResult -->
        <test-method status="SKIP" signature="test1(java.lang.String, java.lang.String, java.lang.String)[pri:0, instance:org.ivymobility.com.PriceGroups.PM_PG_TC_02_ToveifyADDfunction@2c9557e1]" name="test1" duration-ms="3" started-at="2016-08-21T20:08:49Z" data-provider="getTestData" finished-at="2016-08-21T20:08:49Z">
          <params>
            <param index="0">
              <value>
                <![CDATA[AT_Price_A_07]]>
              </value>
            </param>
            <param index="1">
              <value>
                <![CDATA[AT_Price_A_07]]>
              </value>
            </param>
            <param index="2">
              <value>
                <![CDATA[10.0]]>
              </value>
            </param>
          </params>
          <exception class="org.testng.SkipException">
            <message>
              <![CDATA[Run mode to test data was set to NO for row #6]]>
            </message>
            <full-stacktrace>
              <![CDATA[org.testng.SkipException: Run mode to test data was set to NO for row #6
	at org.ivymobility.com.PriceGroups.PM_PG_TC_02_ToveifyADDfunction.test1(PM_PG_TC_02_ToveifyADDfunction.java:54)
	at sun.reflect.NativeMethodAccessorImpl.invoke0(Native Method)
	at sun.reflect.NativeMethodAccessorImpl.invoke(NativeMethodAccessorImpl.java:57)
	at sun.reflect.DelegatingMethodAccessorImpl.invoke(DelegatingMethodAccessorImpl.java:43)
	at java.lang.reflect.Method.invoke(Method.java:606)
	at org.testng.internal.MethodInvocationHelper.invokeMethod(MethodInvocationHelper.java:85)
	at org.testng.internal.Invoker.invokeMethod(Invoker.java:639)
	at org.testng.internal.Invoker.invokeTestMethod(Invoker.java:816)
	at org.testng.internal.Invoker.invokeTestMethods(Invoker.java:1124)
	at org.testng.internal.TestMethodWorker.invokeTestMethods(TestMethodWorker.java:125)
	at org.testng.internal.TestMethodWorker.run(TestMethodWorker.java:108)
	at org.testng.TestRunner.privateRun(TestRunner.java:774)
	at org.testng.TestRunner.run(TestRunner.java:624)
	at org.testng.SuiteRunner.runTest(SuiteRunner.java:359)
	at org.testng.SuiteRunner.runSequentially(SuiteRunner.java:354)
	at org.testng.SuiteRunner.privateRun(SuiteRunner.java:312)
	at org.testng.SuiteRunner.run(SuiteRunner.java:261)
	at org.testng.SuiteRunnerWorker.runSuite(SuiteRunnerWorker.java:52)
	at org.testng.SuiteRunnerWorker.run(SuiteRunnerWorker.java:86)
	at org.testng.TestNG.runSuitesSequentially(TestNG.java:1215)
	at org.testng.TestNG.runSuitesLocally(TestNG.java:1140)
	at org.testng.TestNG.run(TestNG.java:1048)
	at org.testng.remote.AbstractRemoteTestNG.run(AbstractRemoteTestNG.java:126)
	at org.testng.remote.RemoteTestNG.initAndRun(RemoteTestNG.java:137)
	at org.testng.remote.RemoteTestNG.main(RemoteTestNG.java:58)
]]>
            </full-stacktrace>
          </exception> <!-- org.testng.SkipException -->
          <reporter-output>
          </reporter-output>
        </test-method> <!-- test1 -->
        <test-method status="PASS" signature="reportDatasetResult()[pri:0, instance:org.ivymobility.com.PriceGroups.PM_PG_TC_02_ToveifyADDfunction@2c9557e1]" name="reportDatasetResult" is-config="true" duration-ms="52" started-at="2016-08-21T20:08:49Z" finished-at="2016-08-21T20:08:50Z">
          <reporter-output>
          </reporter-output>
        </test-method> <!-- reportDatasetResult -->
        <test-method status="SKIP" signature="test1(java.lang.String, java.lang.String, java.lang.String)[pri:0, instance:org.ivymobility.com.PriceGroups.PM_PG_TC_02_ToveifyADDfunction@2c9557e1]" name="test1" duration-ms="4" started-at="2016-08-21T20:08:50Z" data-provider="getTestData" finished-at="2016-08-21T20:08:50Z">
          <params>
            <param index="0">
              <value>
                <![CDATA[AT_Price_A_08]]>
              </value>
            </param>
            <param index="1">
              <value>
                <![CDATA[AT_Price_A_08]]>
              </value>
            </param>
            <param index="2">
              <value>
                <![CDATA[10.0]]>
              </value>
            </param>
          </params>
          <exception class="org.testng.SkipException">
            <message>
              <![CDATA[Run mode to test data was set to NO for row #7]]>
            </message>
            <full-stacktrace>
              <![CDATA[org.testng.SkipException: Run mode to test data was set to NO for row #7
	at org.ivymobility.com.PriceGroups.PM_PG_TC_02_ToveifyADDfunction.test1(PM_PG_TC_02_ToveifyADDfunction.java:54)
	at sun.reflect.NativeMethodAccessorImpl.invoke0(Native Method)
	at sun.reflect.NativeMethodAccessorImpl.invoke(NativeMethodAccessorImpl.java:57)
	at sun.reflect.DelegatingMethodAccessorImpl.invoke(DelegatingMethodAccessorImpl.java:43)
	at java.lang.reflect.Method.invoke(Method.java:606)
	at org.testng.internal.MethodInvocationHelper.invokeMethod(MethodInvocationHelper.java:85)
	at org.testng.internal.Invoker.invokeMethod(Invoker.java:639)
	at org.testng.internal.Invoker.invokeTestMethod(Invoker.java:816)
	at org.testng.internal.Invoker.invokeTestMethods(Invoker.java:1124)
	at org.testng.internal.TestMethodWorker.invokeTestMethods(TestMethodWorker.java:125)
	at org.testng.internal.TestMethodWorker.run(TestMethodWorker.java:108)
	at org.testng.TestRunner.privateRun(TestRunner.java:774)
	at org.testng.TestRunner.run(TestRunner.java:624)
	at org.testng.SuiteRunner.runTest(SuiteRunner.java:359)
	at org.testng.SuiteRunner.runSequentially(SuiteRunner.java:354)
	at org.testng.SuiteRunner.privateRun(SuiteRunner.java:312)
	at org.testng.SuiteRunner.run(SuiteRunner.java:261)
	at org.testng.SuiteRunnerWorker.runSuite(SuiteRunnerWorker.java:52)
	at org.testng.SuiteRunnerWorker.run(SuiteRunnerWorker.java:86)
	at org.testng.TestNG.runSuitesSequentially(TestNG.java:1215)
	at org.testng.TestNG.runSuitesLocally(TestNG.java:1140)
	at org.testng.TestNG.run(TestNG.java:1048)
	at org.testng.remote.AbstractRemoteTestNG.run(AbstractRemoteTestNG.java:126)
	at org.testng.remote.RemoteTestNG.initAndRun(RemoteTestNG.java:137)
	at org.testng.remote.RemoteTestNG.main(RemoteTestNG.java:58)
]]>
            </full-stacktrace>
          </exception> <!-- org.testng.SkipException -->
          <reporter-output>
          </reporter-output>
        </test-method> <!-- test1 -->
        <test-method status="PASS" signature="reportDatasetResult()[pri:0, instance:org.ivymobility.com.PriceGroups.PM_PG_TC_02_ToveifyADDfunction@2c9557e1]" name="reportDatasetResult" is-config="true" duration-ms="20" started-at="2016-08-21T20:08:50Z" finished-at="2016-08-21T20:08:50Z">
          <reporter-output>
          </reporter-output>
        </test-method> <!-- reportDatasetResult -->
        <test-method status="SKIP" signature="test1(java.lang.String, java.lang.String, java.lang.String)[pri:0, instance:org.ivymobility.com.PriceGroups.PM_PG_TC_02_ToveifyADDfunction@2c9557e1]" name="test1" duration-ms="3" started-at="2016-08-21T20:08:50Z" data-provider="getTestData" finished-at="2016-08-21T20:08:50Z">
          <params>
            <param index="0">
              <value>
                <![CDATA[AT_Price_A_09]]>
              </value>
            </param>
            <param index="1">
              <value>
                <![CDATA[AT_Price_A_09]]>
              </value>
            </param>
            <param index="2">
              <value>
                <![CDATA[10.0]]>
              </value>
            </param>
          </params>
          <exception class="org.testng.SkipException">
            <message>
              <![CDATA[Run mode to test data was set to NO for row #8]]>
            </message>
            <full-stacktrace>
              <![CDATA[org.testng.SkipException: Run mode to test data was set to NO for row #8
	at org.ivymobility.com.PriceGroups.PM_PG_TC_02_ToveifyADDfunction.test1(PM_PG_TC_02_ToveifyADDfunction.java:54)
	at sun.reflect.NativeMethodAccessorImpl.invoke0(Native Method)
	at sun.reflect.NativeMethodAccessorImpl.invoke(NativeMethodAccessorImpl.java:57)
	at sun.reflect.DelegatingMethodAccessorImpl.invoke(DelegatingMethodAccessorImpl.java:43)
	at java.lang.reflect.Method.invoke(Method.java:606)
	at org.testng.internal.MethodInvocationHelper.invokeMethod(MethodInvocationHelper.java:85)
	at org.testng.internal.Invoker.invokeMethod(Invoker.java:639)
	at org.testng.internal.Invoker.invokeTestMethod(Invoker.java:816)
	at org.testng.internal.Invoker.invokeTestMethods(Invoker.java:1124)
	at org.testng.internal.TestMethodWorker.invokeTestMethods(TestMethodWorker.java:125)
	at org.testng.internal.TestMethodWorker.run(TestMethodWorker.java:108)
	at org.testng.TestRunner.privateRun(TestRunner.java:774)
	at org.testng.TestRunner.run(TestRunner.java:624)
	at org.testng.SuiteRunner.runTest(SuiteRunner.java:359)
	at org.testng.SuiteRunner.runSequentially(SuiteRunner.java:354)
	at org.testng.SuiteRunner.privateRun(SuiteRunner.java:312)
	at org.testng.SuiteRunner.run(SuiteRunner.java:261)
	at org.testng.SuiteRunnerWorker.runSuite(SuiteRunnerWorker.java:52)
	at org.testng.SuiteRunnerWorker.run(SuiteRunnerWorker.java:86)
	at org.testng.TestNG.runSuitesSequentially(TestNG.java:1215)
	at org.testng.TestNG.runSuitesLocally(TestNG.java:1140)
	at org.testng.TestNG.run(TestNG.java:1048)
	at org.testng.remote.AbstractRemoteTestNG.run(AbstractRemoteTestNG.java:126)
	at org.testng.remote.RemoteTestNG.initAndRun(RemoteTestNG.java:137)
	at org.testng.remote.RemoteTestNG.main(RemoteTestNG.java:58)
]]>
            </full-stacktrace>
          </exception> <!-- org.testng.SkipException -->
          <reporter-output>
          </reporter-output>
        </test-method> <!-- test1 -->
        <test-method status="PASS" signature="reportDatasetResult()[pri:0, instance:org.ivymobility.com.PriceGroups.PM_PG_TC_02_ToveifyADDfunction@2c9557e1]" name="reportDatasetResult" is-config="true" duration-ms="17" started-at="2016-08-21T20:08:50Z" finished-at="2016-08-21T20:08:50Z">
          <reporter-output>
          </reporter-output>
        </test-method> <!-- reportDatasetResult -->
        <test-method status="SKIP" signature="test1(java.lang.String, java.lang.String, java.lang.String)[pri:0, instance:org.ivymobility.com.PriceGroups.PM_PG_TC_02_ToveifyADDfunction@2c9557e1]" name="test1" duration-ms="3" started-at="2016-08-21T20:08:50Z" data-provider="getTestData" finished-at="2016-08-21T20:08:50Z">
          <params>
            <param index="0">
              <value>
                <![CDATA[AT_Price_A_10]]>
              </value>
            </param>
            <param index="1">
              <value>
                <![CDATA[AT_Price_A_10]]>
              </value>
            </param>
            <param index="2">
              <value>
                <![CDATA[10.0]]>
              </value>
            </param>
          </params>
          <exception class="org.testng.SkipException">
            <message>
              <![CDATA[Run mode to test data was set to NO for row #9]]>
            </message>
            <full-stacktrace>
              <![CDATA[org.testng.SkipException: Run mode to test data was set to NO for row #9
	at org.ivymobility.com.PriceGroups.PM_PG_TC_02_ToveifyADDfunction.test1(PM_PG_TC_02_ToveifyADDfunction.java:54)
	at sun.reflect.NativeMethodAccessorImpl.invoke0(Native Method)
	at sun.reflect.NativeMethodAccessorImpl.invoke(NativeMethodAccessorImpl.java:57)
	at sun.reflect.DelegatingMethodAccessorImpl.invoke(DelegatingMethodAccessorImpl.java:43)
	at java.lang.reflect.Method.invoke(Method.java:606)
	at org.testng.internal.MethodInvocationHelper.invokeMethod(MethodInvocationHelper.java:85)
	at org.testng.internal.Invoker.invokeMethod(Invoker.java:639)
	at org.testng.internal.Invoker.invokeTestMethod(Invoker.java:816)
	at org.testng.internal.Invoker.invokeTestMethods(Invoker.java:1124)
	at org.testng.internal.TestMethodWorker.invokeTestMethods(TestMethodWorker.java:125)
	at org.testng.internal.TestMethodWorker.run(TestMethodWorker.java:108)
	at org.testng.TestRunner.privateRun(TestRunner.java:774)
	at org.testng.TestRunner.run(TestRunner.java:624)
	at org.testng.SuiteRunner.runTest(SuiteRunner.java:359)
	at org.testng.SuiteRunner.runSequentially(SuiteRunner.java:354)
	at org.testng.SuiteRunner.privateRun(SuiteRunner.java:312)
	at org.testng.SuiteRunner.run(SuiteRunner.java:261)
	at org.testng.SuiteRunnerWorker.runSuite(SuiteRunnerWorker.java:52)
	at org.testng.SuiteRunnerWorker.run(SuiteRunnerWorker.java:86)
	at org.testng.TestNG.runSuitesSequentially(TestNG.java:1215)
	at org.testng.TestNG.runSuitesLocally(TestNG.java:1140)
	at org.testng.TestNG.run(TestNG.java:1048)
	at org.testng.remote.AbstractRemoteTestNG.run(AbstractRemoteTestNG.java:126)
	at org.testng.remote.RemoteTestNG.initAndRun(RemoteTestNG.java:137)
	at org.testng.remote.RemoteTestNG.main(RemoteTestNG.java:58)
]]>
            </full-stacktrace>
          </exception> <!-- org.testng.SkipException -->
          <reporter-output>
          </reporter-output>
        </test-method> <!-- test1 -->
        <test-method status="PASS" signature="reportDatasetResult()[pri:0, instance:org.ivymobility.com.PriceGroups.PM_PG_TC_02_ToveifyADDfunction@2c9557e1]" name="reportDatasetResult" is-config="true" duration-ms="22" started-at="2016-08-21T20:08:50Z" finished-at="2016-08-21T20:08:50Z">
          <reporter-output>
          </reporter-output>
        </test-method> <!-- reportDatasetResult -->
        <test-method status="PASS" signature="reportTestResult()[pri:0, instance:org.ivymobility.com.PriceGroups.PM_PG_TC_02_ToveifyADDfunction@2c9557e1]" name="reportTestResult" is-config="true" duration-ms="15" started-at="2016-08-21T20:08:50Z" finished-at="2016-08-21T20:08:50Z">
          <reporter-output>
          </reporter-output>
        </test-method> <!-- reportTestResult -->
        <test-method status="FAIL" signature="tearDown()[pri:0, instance:org.ivymobility.com.PriceGroups.PM_PG_TC_02_ToveifyADDfunction@2c9557e1]" name="tearDown" is-config="true" duration-ms="0" started-at="2016-08-21T20:08:50Z" finished-at="2016-08-21T20:08:50Z">
          <exception class="org.openqa.selenium.remote.UnreachableBrowserException">
            <message>
              <![CDATA[Error communicating with the remote browser. It may have died.
Build info: version: '2.53.0', revision: '35ae25b', time: '2016-03-15 17:00:58'
System info: host: 'DESKTOP-38OR8B2', ip: '192.168.0.103', os.name: 'Windows 8.1', os.arch: 'amd64', os.version: '6.3', java.version: '1.7.0_79'
Driver info: driver.version: RemoteWebDriver
Session ID: 83f141cf-9e58-423a-8344-d722b83666d6
Capabilities [{platform=WINDOWS, acceptSslCerts=true, javascriptEnabled=true, cssSelectorsEnabled=true, databaseEnabled=true, browserName=firefox, handlesAlerts=true, nativeEvents=false, webStorageEnabled=true, rotatable=false, locationContextEnabled=true, applicationCacheEnabled=true, takesScreenshot=true, version=43.0.1}]]]>
            </message>
            <full-stacktrace>
              <![CDATA[org.openqa.selenium.remote.UnreachableBrowserException: Error communicating with the remote browser. It may have died.
Build info: version: '2.53.0', revision: '35ae25b', time: '2016-03-15 17:00:58'
System info: host: 'DESKTOP-38OR8B2', ip: '192.168.0.103', os.name: 'Windows 8.1', os.arch: 'amd64', os.version: '6.3', java.version: '1.7.0_79'
Driver info: driver.version: RemoteWebDriver
Session ID: 83f141cf-9e58-423a-8344-d722b83666d6
Capabilities [{platform=WINDOWS, acceptSslCerts=true, javascriptEnabled=true, cssSelectorsEnabled=true, databaseEnabled=true, browserName=firefox, handlesAlerts=true, nativeEvents=false, webStorageEnabled=true, rotatable=false, locationContextEnabled=true, applicationCacheEnabled=true, takesScreenshot=true, version=43.0.1}]
	at org.openqa.selenium.remote.RemoteWebDriver.execute(RemoteWebDriver.java:665)
	at org.openqa.selenium.remote.RemoteWebDriver.execute(RemoteWebDriver.java:701)
	at org.openqa.selenium.remote.RemoteWebDriver.close(RemoteWebDriver.java:521)
	at org.ivymobility.com.PriceGroups.TestPriceGroupsSuiteBase.tearDown(TestPriceGroupsSuiteBase.java:34)
	at sun.reflect.NativeMethodAccessorImpl.invoke0(Native Method)
	at sun.reflect.NativeMethodAccessorImpl.invoke(NativeMethodAccessorImpl.java:57)
	at sun.reflect.DelegatingMethodAccessorImpl.invoke(DelegatingMethodAccessorImpl.java:43)
	at java.lang.reflect.Method.invoke(Method.java:606)
	at org.testng.internal.MethodInvocationHelper.invokeMethod(MethodInvocationHelper.java:85)
	at org.testng.internal.Invoker.invokeConfigurationMethod(Invoker.java:510)
	at org.testng.internal.Invoker.invokeConfigurations(Invoker.java:211)
	at org.testng.internal.Invoker.invokeConfigurations(Invoker.java:138)
	at org.testng.SuiteRunner.privateRun(SuiteRunner.java:329)
	at org.testng.SuiteRunner.run(SuiteRunner.java:261)
	at org.testng.SuiteRunnerWorker.runSuite(SuiteRunnerWorker.java:52)
	at org.testng.SuiteRunnerWorker.run(SuiteRunnerWorker.java:86)
	at org.testng.TestNG.runSuitesSequentially(TestNG.java:1215)
	at org.testng.TestNG.runSuitesLocally(TestNG.java:1140)
	at org.testng.TestNG.run(TestNG.java:1048)
	at org.testng.remote.AbstractRemoteTestNG.run(AbstractRemoteTestNG.java:126)
	at org.testng.remote.RemoteTestNG.initAndRun(RemoteTestNG.java:137)
	at org.testng.remote.RemoteTestNG.main(RemoteTestNG.java:58)
Caused by: org.apache.http.conn.HttpHostConnectException: Connect to 127.0.0.1:7055 [/127.0.0.1] failed: Connection refused: connect
	at org.apache.http.impl.conn.DefaultHttpClientConnectionOperator.connect(DefaultHttpClientConnectionOperator.java:151)
	at org.apache.http.impl.conn.PoolingHttpClientConnectionManager.connect(PoolingHttpClientConnectionManager.java:353)
	at org.apache.http.impl.execchain.MainClientExec.establishRoute(MainClientExec.java:380)
	at org.apache.http.impl.execchain.MainClientExec.execute(MainClientExec.java:236)
	at org.apache.http.impl.execchain.ProtocolExec.execute(ProtocolExec.java:184)
	at org.apache.http.impl.execchain.RetryExec.execute(RetryExec.java:88)
	at org.apache.http.impl.execchain.RedirectExec.execute(RedirectExec.java:110)
	at org.apache.http.impl.client.InternalHttpClient.doExecute(InternalHttpClient.java:184)
	at org.apache.http.impl.client.CloseableHttpClient.execute(CloseableHttpClient.java:71)
	at org.apache.http.impl.client.CloseableHttpClient.execute(CloseableHttpClient.java:55)
	at org.openqa.selenium.remote.internal.ApacheHttpClient.fallBackExecute(ApacheHttpClient.java:144)
	at org.openqa.selenium.remote.internal.ApacheHttpClient.execute(ApacheHttpClient.java:90)
	at org.openqa.selenium.remote.HttpCommandExecutor.execute(HttpCommandExecutor.java:142)
	at org.openqa.selenium.firefox.internal.NewProfileExtensionConnection.execute(NewProfileExtensionConnection.java:160)
	at org.openqa.selenium.firefox.FirefoxDriver$LazyCommandExecutor.execute(FirefoxDriver.java:380)
	at org.openqa.selenium.remote.RemoteWebDriver.execute(RemoteWebDriver.java:644)
	... 21 more
Caused by: java.net.ConnectException: Connection refused: connect
	at java.net.DualStackPlainSocketImpl.waitForConnect(Native Method)
	at java.net.DualStackPlainSocketImpl.socketConnect(DualStackPlainSocketImpl.java:85)
	at java.net.AbstractPlainSocketImpl.doConnect(AbstractPlainSocketImpl.java:339)
	at java.net.AbstractPlainSocketImpl.connectToAddress(AbstractPlainSocketImpl.java:200)
	at java.net.AbstractPlainSocketImpl.connect(AbstractPlainSocketImpl.java:182)
	at java.net.PlainSocketImpl.connect(PlainSocketImpl.java:172)
	at java.net.SocksSocketImpl.connect(SocksSocketImpl.java:392)
	at java.net.Socket.connect(Socket.java:579)
	at org.apache.http.conn.socket.PlainConnectionSocketFactory.connectSocket(PlainConnectionSocketFactory.java:74)
	at org.apache.http.impl.conn.DefaultHttpClientConnectionOperator.connect(DefaultHttpClientConnectionOperator.java:134)
	... 36 more
]]>
            </full-stacktrace>
          </exception> <!-- org.openqa.selenium.remote.UnreachableBrowserException -->
          <reporter-output>
          </reporter-output>
        </test-method> <!-- tearDown -->
      </class> <!-- org.ivymobility.com.PriceGroups.PM_PG_TC_02_ToveifyADDfunction -->
    </test> <!-- Default test -->
  </suite> <!-- Default suite -->
</testng-results>
