<html>
<head>
<title>TestNG:  PM_PG_TC_04_ToverifyDELETE Test</title>
<link href="../testng.css" rel="stylesheet" type="text/css" />
<link href="../my-testng.css" rel="stylesheet" type="text/css" />

<style type="text/css">
.log { display: none;} 
.stack-trace { display: none;} 
</style>
<script type="text/javascript">
<!--
function flip(e) {
  current = e.style.display;
  if (current == 'block') {
    e.style.display = 'none';
    return 0;
  }
  else {
    e.style.display = 'block';
    return 1;
  }
}

function toggleBox(szDivId, elem, msg1, msg2)
{
  var res = -1;  if (document.getElementById) {
    res = flip(document.getElementById(szDivId));
  }
  else if (document.all) {
    // this is the way old msie versions work
    res = flip(document.all[szDivId]);
  }
  if(elem) {
    if(res == 0) elem.innerHTML = msg1; else elem.innerHTML = msg2;
  }

}

function toggleAllBoxes() {
  if (document.getElementsByTagName) {
    d = document.getElementsByTagName('div');
    for (i = 0; i < d.length; i++) {
      if (d[i].className == 'log') {
        flip(d[i]);
      }
    }
  }
}

// -->
</script>

</head>
<body>
<h2 align='center'>PM_PG_TC_04_ToverifyDELETE Test</h2><table border='1' align="center">
<tr>
<td>Tests passed/Failed/Skipped:</td><td>1/0/9</td>
</tr><tr>
<td>Started on:</td><td>Thu Feb 25 19:36:24 IST 2016</td>
</tr>
<tr><td>Total time:</td><td>14 seconds (14047 ms)</td>
</tr><tr>
<td>Included groups:</td><td></td>
</tr><tr>
<td>Excluded groups:</td><td></td>
</tr>
</table><p/>
<small><i>(Hover the method name to see the test class name)</i></small><p/>
<table width='100%' border='1' class='invocation-passed'>
<tr><td colspan='4' align='center'><b>PASSED TESTS</b></td></tr>
<tr><td><b>Test method</b></td>
<td width="30%"><b>Exception</b></td>
<td width="10%"><b>Time (seconds)</b></td>
<td><b>Instance</b></td>
</tr>
<tr>
<td title='org.ivymobility.com.PriceGroups.PM_PG_TC_04_ToverifyDELETE.test1()'><b>test1</b><br>Test class: org.ivymobility.com.PriceGroups.PM_PG_TC_04_ToverifyDELETE<br>Parameters: AT_Price_D_01, AT_Price_D_01, 10.0</td>
<td></td>
<td>13</td>
<td>org.ivymobility.com.PriceGroups.PM_PG_TC_04_ToverifyDELETE@266ea5e1</td></tr>
</table><p>
<table width='100%' border='1' class='invocation-skipped'>
<tr><td colspan='4' align='center'><b>SKIPPED TESTS</b></td></tr>
<tr><td><b>Test method</b></td>
<td width="30%"><b>Exception</b></td>
<td width="10%"><b>Time (seconds)</b></td>
<td><b>Instance</b></td>
</tr>
<tr>
<td title='org.ivymobility.com.PriceGroups.PM_PG_TC_04_ToverifyDELETE.test1()'><b>test1</b><br>Test class: org.ivymobility.com.PriceGroups.PM_PG_TC_04_ToverifyDELETE<br>Parameters: AT_Price_D_02, AT_Price_D_02, 10.0</td>
<td><div><pre>org.testng.SkipException: Run mode to test data was set to NO for row #1
	at org.ivymobility.com.PriceGroups.PM_PG_TC_04_ToverifyDELETE.test1(PM_PG_TC_04_ToverifyDELETE.java:53)
... Removed 24 stack frames</pre></div><a href='#' onClick='toggleBox("stack-trace1792909912", this, "Click to show all stack frames", "Click to hide stack frames")'>Click to show all stack frames</a>
<div class='stack-trace' id='stack-trace1792909912'><pre>org.testng.SkipException: Run mode to test data was set to NO for row #1
	at org.ivymobility.com.PriceGroups.PM_PG_TC_04_ToverifyDELETE.test1(PM_PG_TC_04_ToverifyDELETE.java:53)
	at sun.reflect.NativeMethodAccessorImpl.invoke0(Native Method)
	at sun.reflect.NativeMethodAccessorImpl.invoke(Unknown Source)
	at sun.reflect.DelegatingMethodAccessorImpl.invoke(Unknown Source)
	at java.lang.reflect.Method.invoke(Unknown Source)
	at org.testng.internal.MethodInvocationHelper.invokeMethod(MethodInvocationHelper.java:84)
	at org.testng.internal.Invoker.invokeMethod(Invoker.java:714)
	at org.testng.internal.Invoker.invokeTestMethod(Invoker.java:901)
	at org.testng.internal.Invoker.invokeTestMethods(Invoker.java:1231)
	at org.testng.internal.TestMethodWorker.invokeTestMethods(TestMethodWorker.java:127)
	at org.testng.internal.TestMethodWorker.run(TestMethodWorker.java:111)
	at org.testng.TestRunner.privateRun(TestRunner.java:767)
	at org.testng.TestRunner.run(TestRunner.java:617)
	at org.testng.SuiteRunner.runTest(SuiteRunner.java:334)
	at org.testng.SuiteRunner.runSequentially(SuiteRunner.java:329)
	at org.testng.SuiteRunner.privateRun(SuiteRunner.java:291)
	at org.testng.SuiteRunner.run(SuiteRunner.java:240)
	at org.testng.SuiteRunnerWorker.runSuite(SuiteRunnerWorker.java:52)
	at org.testng.SuiteRunnerWorker.run(SuiteRunnerWorker.java:86)
	at org.testng.TestNG.runSuitesSequentially(TestNG.java:1224)
	at org.testng.TestNG.runSuitesLocally(TestNG.java:1149)
	at org.testng.TestNG.run(TestNG.java:1057)
	at org.testng.remote.RemoteTestNG.run(RemoteTestNG.java:111)
	at org.testng.remote.RemoteTestNG.initAndRun(RemoteTestNG.java:204)
	at org.testng.remote.RemoteTestNG.main(RemoteTestNG.java:175)
</pre></div></td>
<td>0</td>
<td>org.ivymobility.com.PriceGroups.PM_PG_TC_04_ToverifyDELETE@266ea5e1</td></tr>
<tr>
<td title='org.ivymobility.com.PriceGroups.PM_PG_TC_04_ToverifyDELETE.test1()'><b>test1</b><br>Test class: org.ivymobility.com.PriceGroups.PM_PG_TC_04_ToverifyDELETE<br>Parameters: AT_Price_D_03, AT_Price_D_03, 10.0</td>
<td><div><pre>org.testng.SkipException: Run mode to test data was set to NO for row #2
	at org.ivymobility.com.PriceGroups.PM_PG_TC_04_ToverifyDELETE.test1(PM_PG_TC_04_ToverifyDELETE.java:53)
... Removed 24 stack frames</pre></div><a href='#' onClick='toggleBox("stack-trace8935908", this, "Click to show all stack frames", "Click to hide stack frames")'>Click to show all stack frames</a>
<div class='stack-trace' id='stack-trace8935908'><pre>org.testng.SkipException: Run mode to test data was set to NO for row #2
	at org.ivymobility.com.PriceGroups.PM_PG_TC_04_ToverifyDELETE.test1(PM_PG_TC_04_ToverifyDELETE.java:53)
	at sun.reflect.NativeMethodAccessorImpl.invoke0(Native Method)
	at sun.reflect.NativeMethodAccessorImpl.invoke(Unknown Source)
	at sun.reflect.DelegatingMethodAccessorImpl.invoke(Unknown Source)
	at java.lang.reflect.Method.invoke(Unknown Source)
	at org.testng.internal.MethodInvocationHelper.invokeMethod(MethodInvocationHelper.java:84)
	at org.testng.internal.Invoker.invokeMethod(Invoker.java:714)
	at org.testng.internal.Invoker.invokeTestMethod(Invoker.java:901)
	at org.testng.internal.Invoker.invokeTestMethods(Invoker.java:1231)
	at org.testng.internal.TestMethodWorker.invokeTestMethods(TestMethodWorker.java:127)
	at org.testng.internal.TestMethodWorker.run(TestMethodWorker.java:111)
	at org.testng.TestRunner.privateRun(TestRunner.java:767)
	at org.testng.TestRunner.run(TestRunner.java:617)
	at org.testng.SuiteRunner.runTest(SuiteRunner.java:334)
	at org.testng.SuiteRunner.runSequentially(SuiteRunner.java:329)
	at org.testng.SuiteRunner.privateRun(SuiteRunner.java:291)
	at org.testng.SuiteRunner.run(SuiteRunner.java:240)
	at org.testng.SuiteRunnerWorker.runSuite(SuiteRunnerWorker.java:52)
	at org.testng.SuiteRunnerWorker.run(SuiteRunnerWorker.java:86)
	at org.testng.TestNG.runSuitesSequentially(TestNG.java:1224)
	at org.testng.TestNG.runSuitesLocally(TestNG.java:1149)
	at org.testng.TestNG.run(TestNG.java:1057)
	at org.testng.remote.RemoteTestNG.run(RemoteTestNG.java:111)
	at org.testng.remote.RemoteTestNG.initAndRun(RemoteTestNG.java:204)
	at org.testng.remote.RemoteTestNG.main(RemoteTestNG.java:175)
</pre></div></td>
<td>0</td>
<td>org.ivymobility.com.PriceGroups.PM_PG_TC_04_ToverifyDELETE@266ea5e1</td></tr>
<tr>
<td title='org.ivymobility.com.PriceGroups.PM_PG_TC_04_ToverifyDELETE.test1()'><b>test1</b><br>Test class: org.ivymobility.com.PriceGroups.PM_PG_TC_04_ToverifyDELETE<br>Parameters: AT_Price_D_04, AT_Price_D_04, 10.0</td>
<td><div><pre>org.testng.SkipException: Run mode to test data was set to NO for row #3
	at org.ivymobility.com.PriceGroups.PM_PG_TC_04_ToverifyDELETE.test1(PM_PG_TC_04_ToverifyDELETE.java:53)
... Removed 24 stack frames</pre></div><a href='#' onClick='toggleBox("stack-trace606144987", this, "Click to show all stack frames", "Click to hide stack frames")'>Click to show all stack frames</a>
<div class='stack-trace' id='stack-trace606144987'><pre>org.testng.SkipException: Run mode to test data was set to NO for row #3
	at org.ivymobility.com.PriceGroups.PM_PG_TC_04_ToverifyDELETE.test1(PM_PG_TC_04_ToverifyDELETE.java:53)
	at sun.reflect.NativeMethodAccessorImpl.invoke0(Native Method)
	at sun.reflect.NativeMethodAccessorImpl.invoke(Unknown Source)
	at sun.reflect.DelegatingMethodAccessorImpl.invoke(Unknown Source)
	at java.lang.reflect.Method.invoke(Unknown Source)
	at org.testng.internal.MethodInvocationHelper.invokeMethod(MethodInvocationHelper.java:84)
	at org.testng.internal.Invoker.invokeMethod(Invoker.java:714)
	at org.testng.internal.Invoker.invokeTestMethod(Invoker.java:901)
	at org.testng.internal.Invoker.invokeTestMethods(Invoker.java:1231)
	at org.testng.internal.TestMethodWorker.invokeTestMethods(TestMethodWorker.java:127)
	at org.testng.internal.TestMethodWorker.run(TestMethodWorker.java:111)
	at org.testng.TestRunner.privateRun(TestRunner.java:767)
	at org.testng.TestRunner.run(TestRunner.java:617)
	at org.testng.SuiteRunner.runTest(SuiteRunner.java:334)
	at org.testng.SuiteRunner.runSequentially(SuiteRunner.java:329)
	at org.testng.SuiteRunner.privateRun(SuiteRunner.java:291)
	at org.testng.SuiteRunner.run(SuiteRunner.java:240)
	at org.testng.SuiteRunnerWorker.runSuite(SuiteRunnerWorker.java:52)
	at org.testng.SuiteRunnerWorker.run(SuiteRunnerWorker.java:86)
	at org.testng.TestNG.runSuitesSequentially(TestNG.java:1224)
	at org.testng.TestNG.runSuitesLocally(TestNG.java:1149)
	at org.testng.TestNG.run(TestNG.java:1057)
	at org.testng.remote.RemoteTestNG.run(RemoteTestNG.java:111)
	at org.testng.remote.RemoteTestNG.initAndRun(RemoteTestNG.java:204)
	at org.testng.remote.RemoteTestNG.main(RemoteTestNG.java:175)
</pre></div></td>
<td>0</td>
<td>org.ivymobility.com.PriceGroups.PM_PG_TC_04_ToverifyDELETE@266ea5e1</td></tr>
<tr>
<td title='org.ivymobility.com.PriceGroups.PM_PG_TC_04_ToverifyDELETE.test1()'><b>test1</b><br>Test class: org.ivymobility.com.PriceGroups.PM_PG_TC_04_ToverifyDELETE<br>Parameters: AT_Price_D_05, AT_Price_D_05, 10.0</td>
<td><div><pre>org.testng.SkipException: Run mode to test data was set to NO for row #4
	at org.ivymobility.com.PriceGroups.PM_PG_TC_04_ToverifyDELETE.test1(PM_PG_TC_04_ToverifyDELETE.java:53)
... Removed 24 stack frames</pre></div><a href='#' onClick='toggleBox("stack-trace1663363213", this, "Click to show all stack frames", "Click to hide stack frames")'>Click to show all stack frames</a>
<div class='stack-trace' id='stack-trace1663363213'><pre>org.testng.SkipException: Run mode to test data was set to NO for row #4
	at org.ivymobility.com.PriceGroups.PM_PG_TC_04_ToverifyDELETE.test1(PM_PG_TC_04_ToverifyDELETE.java:53)
	at sun.reflect.NativeMethodAccessorImpl.invoke0(Native Method)
	at sun.reflect.NativeMethodAccessorImpl.invoke(Unknown Source)
	at sun.reflect.DelegatingMethodAccessorImpl.invoke(Unknown Source)
	at java.lang.reflect.Method.invoke(Unknown Source)
	at org.testng.internal.MethodInvocationHelper.invokeMethod(MethodInvocationHelper.java:84)
	at org.testng.internal.Invoker.invokeMethod(Invoker.java:714)
	at org.testng.internal.Invoker.invokeTestMethod(Invoker.java:901)
	at org.testng.internal.Invoker.invokeTestMethods(Invoker.java:1231)
	at org.testng.internal.TestMethodWorker.invokeTestMethods(TestMethodWorker.java:127)
	at org.testng.internal.TestMethodWorker.run(TestMethodWorker.java:111)
	at org.testng.TestRunner.privateRun(TestRunner.java:767)
	at org.testng.TestRunner.run(TestRunner.java:617)
	at org.testng.SuiteRunner.runTest(SuiteRunner.java:334)
	at org.testng.SuiteRunner.runSequentially(SuiteRunner.java:329)
	at org.testng.SuiteRunner.privateRun(SuiteRunner.java:291)
	at org.testng.SuiteRunner.run(SuiteRunner.java:240)
	at org.testng.SuiteRunnerWorker.runSuite(SuiteRunnerWorker.java:52)
	at org.testng.SuiteRunnerWorker.run(SuiteRunnerWorker.java:86)
	at org.testng.TestNG.runSuitesSequentially(TestNG.java:1224)
	at org.testng.TestNG.runSuitesLocally(TestNG.java:1149)
	at org.testng.TestNG.run(TestNG.java:1057)
	at org.testng.remote.RemoteTestNG.run(RemoteTestNG.java:111)
	at org.testng.remote.RemoteTestNG.initAndRun(RemoteTestNG.java:204)
	at org.testng.remote.RemoteTestNG.main(RemoteTestNG.java:175)
</pre></div></td>
<td>0</td>
<td>org.ivymobility.com.PriceGroups.PM_PG_TC_04_ToverifyDELETE@266ea5e1</td></tr>
<tr>
<td title='org.ivymobility.com.PriceGroups.PM_PG_TC_04_ToverifyDELETE.test1()'><b>test1</b><br>Test class: org.ivymobility.com.PriceGroups.PM_PG_TC_04_ToverifyDELETE<br>Parameters: AT_Price_D_06, AT_Price_D_06, 10.0</td>
<td><div><pre>org.testng.SkipException: Run mode to test data was set to NO for row #5
	at org.ivymobility.com.PriceGroups.PM_PG_TC_04_ToverifyDELETE.test1(PM_PG_TC_04_ToverifyDELETE.java:53)
... Removed 24 stack frames</pre></div><a href='#' onClick='toggleBox("stack-trace1730243911", this, "Click to show all stack frames", "Click to hide stack frames")'>Click to show all stack frames</a>
<div class='stack-trace' id='stack-trace1730243911'><pre>org.testng.SkipException: Run mode to test data was set to NO for row #5
	at org.ivymobility.com.PriceGroups.PM_PG_TC_04_ToverifyDELETE.test1(PM_PG_TC_04_ToverifyDELETE.java:53)
	at sun.reflect.NativeMethodAccessorImpl.invoke0(Native Method)
	at sun.reflect.NativeMethodAccessorImpl.invoke(Unknown Source)
	at sun.reflect.DelegatingMethodAccessorImpl.invoke(Unknown Source)
	at java.lang.reflect.Method.invoke(Unknown Source)
	at org.testng.internal.MethodInvocationHelper.invokeMethod(MethodInvocationHelper.java:84)
	at org.testng.internal.Invoker.invokeMethod(Invoker.java:714)
	at org.testng.internal.Invoker.invokeTestMethod(Invoker.java:901)
	at org.testng.internal.Invoker.invokeTestMethods(Invoker.java:1231)
	at org.testng.internal.TestMethodWorker.invokeTestMethods(TestMethodWorker.java:127)
	at org.testng.internal.TestMethodWorker.run(TestMethodWorker.java:111)
	at org.testng.TestRunner.privateRun(TestRunner.java:767)
	at org.testng.TestRunner.run(TestRunner.java:617)
	at org.testng.SuiteRunner.runTest(SuiteRunner.java:334)
	at org.testng.SuiteRunner.runSequentially(SuiteRunner.java:329)
	at org.testng.SuiteRunner.privateRun(SuiteRunner.java:291)
	at org.testng.SuiteRunner.run(SuiteRunner.java:240)
	at org.testng.SuiteRunnerWorker.runSuite(SuiteRunnerWorker.java:52)
	at org.testng.SuiteRunnerWorker.run(SuiteRunnerWorker.java:86)
	at org.testng.TestNG.runSuitesSequentially(TestNG.java:1224)
	at org.testng.TestNG.runSuitesLocally(TestNG.java:1149)
	at org.testng.TestNG.run(TestNG.java:1057)
	at org.testng.remote.RemoteTestNG.run(RemoteTestNG.java:111)
	at org.testng.remote.RemoteTestNG.initAndRun(RemoteTestNG.java:204)
	at org.testng.remote.RemoteTestNG.main(RemoteTestNG.java:175)
</pre></div></td>
<td>0</td>
<td>org.ivymobility.com.PriceGroups.PM_PG_TC_04_ToverifyDELETE@266ea5e1</td></tr>
<tr>
<td title='org.ivymobility.com.PriceGroups.PM_PG_TC_04_ToverifyDELETE.test1()'><b>test1</b><br>Test class: org.ivymobility.com.PriceGroups.PM_PG_TC_04_ToverifyDELETE<br>Parameters: AT_Price_D_07, AT_Price_D_07, 10.0</td>
<td><div><pre>org.testng.SkipException: Run mode to test data was set to NO for row #6
	at org.ivymobility.com.PriceGroups.PM_PG_TC_04_ToverifyDELETE.test1(PM_PG_TC_04_ToverifyDELETE.java:53)
... Removed 24 stack frames</pre></div><a href='#' onClick='toggleBox("stack-trace929172142", this, "Click to show all stack frames", "Click to hide stack frames")'>Click to show all stack frames</a>
<div class='stack-trace' id='stack-trace929172142'><pre>org.testng.SkipException: Run mode to test data was set to NO for row #6
	at org.ivymobility.com.PriceGroups.PM_PG_TC_04_ToverifyDELETE.test1(PM_PG_TC_04_ToverifyDELETE.java:53)
	at sun.reflect.NativeMethodAccessorImpl.invoke0(Native Method)
	at sun.reflect.NativeMethodAccessorImpl.invoke(Unknown Source)
	at sun.reflect.DelegatingMethodAccessorImpl.invoke(Unknown Source)
	at java.lang.reflect.Method.invoke(Unknown Source)
	at org.testng.internal.MethodInvocationHelper.invokeMethod(MethodInvocationHelper.java:84)
	at org.testng.internal.Invoker.invokeMethod(Invoker.java:714)
	at org.testng.internal.Invoker.invokeTestMethod(Invoker.java:901)
	at org.testng.internal.Invoker.invokeTestMethods(Invoker.java:1231)
	at org.testng.internal.TestMethodWorker.invokeTestMethods(TestMethodWorker.java:127)
	at org.testng.internal.TestMethodWorker.run(TestMethodWorker.java:111)
	at org.testng.TestRunner.privateRun(TestRunner.java:767)
	at org.testng.TestRunner.run(TestRunner.java:617)
	at org.testng.SuiteRunner.runTest(SuiteRunner.java:334)
	at org.testng.SuiteRunner.runSequentially(SuiteRunner.java:329)
	at org.testng.SuiteRunner.privateRun(SuiteRunner.java:291)
	at org.testng.SuiteRunner.run(SuiteRunner.java:240)
	at org.testng.SuiteRunnerWorker.runSuite(SuiteRunnerWorker.java:52)
	at org.testng.SuiteRunnerWorker.run(SuiteRunnerWorker.java:86)
	at org.testng.TestNG.runSuitesSequentially(TestNG.java:1224)
	at org.testng.TestNG.runSuitesLocally(TestNG.java:1149)
	at org.testng.TestNG.run(TestNG.java:1057)
	at org.testng.remote.RemoteTestNG.run(RemoteTestNG.java:111)
	at org.testng.remote.RemoteTestNG.initAndRun(RemoteTestNG.java:204)
	at org.testng.remote.RemoteTestNG.main(RemoteTestNG.java:175)
</pre></div></td>
<td>0</td>
<td>org.ivymobility.com.PriceGroups.PM_PG_TC_04_ToverifyDELETE@266ea5e1</td></tr>
<tr>
<td title='org.ivymobility.com.PriceGroups.PM_PG_TC_04_ToverifyDELETE.test1()'><b>test1</b><br>Test class: org.ivymobility.com.PriceGroups.PM_PG_TC_04_ToverifyDELETE<br>Parameters: AT_Price_D_08, AT_Price_D_08, 10.0</td>
<td><div><pre>org.testng.SkipException: Run mode to test data was set to NO for row #7
	at org.ivymobility.com.PriceGroups.PM_PG_TC_04_ToverifyDELETE.test1(PM_PG_TC_04_ToverifyDELETE.java:53)
... Removed 24 stack frames</pre></div><a href='#' onClick='toggleBox("stack-trace52077149", this, "Click to show all stack frames", "Click to hide stack frames")'>Click to show all stack frames</a>
<div class='stack-trace' id='stack-trace52077149'><pre>org.testng.SkipException: Run mode to test data was set to NO for row #7
	at org.ivymobility.com.PriceGroups.PM_PG_TC_04_ToverifyDELETE.test1(PM_PG_TC_04_ToverifyDELETE.java:53)
	at sun.reflect.NativeMethodAccessorImpl.invoke0(Native Method)
	at sun.reflect.NativeMethodAccessorImpl.invoke(Unknown Source)
	at sun.reflect.DelegatingMethodAccessorImpl.invoke(Unknown Source)
	at java.lang.reflect.Method.invoke(Unknown Source)
	at org.testng.internal.MethodInvocationHelper.invokeMethod(MethodInvocationHelper.java:84)
	at org.testng.internal.Invoker.invokeMethod(Invoker.java:714)
	at org.testng.internal.Invoker.invokeTestMethod(Invoker.java:901)
	at org.testng.internal.Invoker.invokeTestMethods(Invoker.java:1231)
	at org.testng.internal.TestMethodWorker.invokeTestMethods(TestMethodWorker.java:127)
	at org.testng.internal.TestMethodWorker.run(TestMethodWorker.java:111)
	at org.testng.TestRunner.privateRun(TestRunner.java:767)
	at org.testng.TestRunner.run(TestRunner.java:617)
	at org.testng.SuiteRunner.runTest(SuiteRunner.java:334)
	at org.testng.SuiteRunner.runSequentially(SuiteRunner.java:329)
	at org.testng.SuiteRunner.privateRun(SuiteRunner.java:291)
	at org.testng.SuiteRunner.run(SuiteRunner.java:240)
	at org.testng.SuiteRunnerWorker.runSuite(SuiteRunnerWorker.java:52)
	at org.testng.SuiteRunnerWorker.run(SuiteRunnerWorker.java:86)
	at org.testng.TestNG.runSuitesSequentially(TestNG.java:1224)
	at org.testng.TestNG.runSuitesLocally(TestNG.java:1149)
	at org.testng.TestNG.run(TestNG.java:1057)
	at org.testng.remote.RemoteTestNG.run(RemoteTestNG.java:111)
	at org.testng.remote.RemoteTestNG.initAndRun(RemoteTestNG.java:204)
	at org.testng.remote.RemoteTestNG.main(RemoteTestNG.java:175)
</pre></div></td>
<td>0</td>
<td>org.ivymobility.com.PriceGroups.PM_PG_TC_04_ToverifyDELETE@266ea5e1</td></tr>
<tr>
<td title='org.ivymobility.com.PriceGroups.PM_PG_TC_04_ToverifyDELETE.test1()'><b>test1</b><br>Test class: org.ivymobility.com.PriceGroups.PM_PG_TC_04_ToverifyDELETE<br>Parameters: AT_Price_D_09, AT_Price_D_09, 10.0</td>
<td><div><pre>org.testng.SkipException: Run mode to test data was set to NO for row #8
	at org.ivymobility.com.PriceGroups.PM_PG_TC_04_ToverifyDELETE.test1(PM_PG_TC_04_ToverifyDELETE.java:53)
... Removed 24 stack frames</pre></div><a href='#' onClick='toggleBox("stack-trace1785093542", this, "Click to show all stack frames", "Click to hide stack frames")'>Click to show all stack frames</a>
<div class='stack-trace' id='stack-trace1785093542'><pre>org.testng.SkipException: Run mode to test data was set to NO for row #8
	at org.ivymobility.com.PriceGroups.PM_PG_TC_04_ToverifyDELETE.test1(PM_PG_TC_04_ToverifyDELETE.java:53)
	at sun.reflect.NativeMethodAccessorImpl.invoke0(Native Method)
	at sun.reflect.NativeMethodAccessorImpl.invoke(Unknown Source)
	at sun.reflect.DelegatingMethodAccessorImpl.invoke(Unknown Source)
	at java.lang.reflect.Method.invoke(Unknown Source)
	at org.testng.internal.MethodInvocationHelper.invokeMethod(MethodInvocationHelper.java:84)
	at org.testng.internal.Invoker.invokeMethod(Invoker.java:714)
	at org.testng.internal.Invoker.invokeTestMethod(Invoker.java:901)
	at org.testng.internal.Invoker.invokeTestMethods(Invoker.java:1231)
	at org.testng.internal.TestMethodWorker.invokeTestMethods(TestMethodWorker.java:127)
	at org.testng.internal.TestMethodWorker.run(TestMethodWorker.java:111)
	at org.testng.TestRunner.privateRun(TestRunner.java:767)
	at org.testng.TestRunner.run(TestRunner.java:617)
	at org.testng.SuiteRunner.runTest(SuiteRunner.java:334)
	at org.testng.SuiteRunner.runSequentially(SuiteRunner.java:329)
	at org.testng.SuiteRunner.privateRun(SuiteRunner.java:291)
	at org.testng.SuiteRunner.run(SuiteRunner.java:240)
	at org.testng.SuiteRunnerWorker.runSuite(SuiteRunnerWorker.java:52)
	at org.testng.SuiteRunnerWorker.run(SuiteRunnerWorker.java:86)
	at org.testng.TestNG.runSuitesSequentially(TestNG.java:1224)
	at org.testng.TestNG.runSuitesLocally(TestNG.java:1149)
	at org.testng.TestNG.run(TestNG.java:1057)
	at org.testng.remote.RemoteTestNG.run(RemoteTestNG.java:111)
	at org.testng.remote.RemoteTestNG.initAndRun(RemoteTestNG.java:204)
	at org.testng.remote.RemoteTestNG.main(RemoteTestNG.java:175)
</pre></div></td>
<td>0</td>
<td>org.ivymobility.com.PriceGroups.PM_PG_TC_04_ToverifyDELETE@266ea5e1</td></tr>
<tr>
<td title='org.ivymobility.com.PriceGroups.PM_PG_TC_04_ToverifyDELETE.test1()'><b>test1</b><br>Test class: org.ivymobility.com.PriceGroups.PM_PG_TC_04_ToverifyDELETE<br>Parameters: AT_Price_D_10, AT_Price_D_10, 10.0</td>
<td><div><pre>org.testng.SkipException: Run mode to test data was set to NO for row #9
	at org.ivymobility.com.PriceGroups.PM_PG_TC_04_ToverifyDELETE.test1(PM_PG_TC_04_ToverifyDELETE.java:53)
... Removed 24 stack frames</pre></div><a href='#' onClick='toggleBox("stack-trace1869882073", this, "Click to show all stack frames", "Click to hide stack frames")'>Click to show all stack frames</a>
<div class='stack-trace' id='stack-trace1869882073'><pre>org.testng.SkipException: Run mode to test data was set to NO for row #9
	at org.ivymobility.com.PriceGroups.PM_PG_TC_04_ToverifyDELETE.test1(PM_PG_TC_04_ToverifyDELETE.java:53)
	at sun.reflect.NativeMethodAccessorImpl.invoke0(Native Method)
	at sun.reflect.NativeMethodAccessorImpl.invoke(Unknown Source)
	at sun.reflect.DelegatingMethodAccessorImpl.invoke(Unknown Source)
	at java.lang.reflect.Method.invoke(Unknown Source)
	at org.testng.internal.MethodInvocationHelper.invokeMethod(MethodInvocationHelper.java:84)
	at org.testng.internal.Invoker.invokeMethod(Invoker.java:714)
	at org.testng.internal.Invoker.invokeTestMethod(Invoker.java:901)
	at org.testng.internal.Invoker.invokeTestMethods(Invoker.java:1231)
	at org.testng.internal.TestMethodWorker.invokeTestMethods(TestMethodWorker.java:127)
	at org.testng.internal.TestMethodWorker.run(TestMethodWorker.java:111)
	at org.testng.TestRunner.privateRun(TestRunner.java:767)
	at org.testng.TestRunner.run(TestRunner.java:617)
	at org.testng.SuiteRunner.runTest(SuiteRunner.java:334)
	at org.testng.SuiteRunner.runSequentially(SuiteRunner.java:329)
	at org.testng.SuiteRunner.privateRun(SuiteRunner.java:291)
	at org.testng.SuiteRunner.run(SuiteRunner.java:240)
	at org.testng.SuiteRunnerWorker.runSuite(SuiteRunnerWorker.java:52)
	at org.testng.SuiteRunnerWorker.run(SuiteRunnerWorker.java:86)
	at org.testng.TestNG.runSuitesSequentially(TestNG.java:1224)
	at org.testng.TestNG.runSuitesLocally(TestNG.java:1149)
	at org.testng.TestNG.run(TestNG.java:1057)
	at org.testng.remote.RemoteTestNG.run(RemoteTestNG.java:111)
	at org.testng.remote.RemoteTestNG.initAndRun(RemoteTestNG.java:204)
	at org.testng.remote.RemoteTestNG.main(RemoteTestNG.java:175)
</pre></div></td>
<td>0</td>
<td>org.ivymobility.com.PriceGroups.PM_PG_TC_04_ToverifyDELETE@266ea5e1</td></tr>
</table><p>
</body>
</html>