<html>
<head>
<title>TestNG:  PT_FB_TC_05_ToverifyGroupADD Test</title>
<link href="../testng.css" rel="stylesheet" type="text/css" />
<link href="../my-testng.css" rel="stylesheet" type="text/css" />

<style type="text/css">
.log { display: none;} 
.stack-trace { display: none;} 
</style>
<script type="text/javascript">
<!--
function flip(e) {
  current = e.style.display;
  if (current == 'block') {
    e.style.display = 'none';
    return 0;
  }
  else {
    e.style.display = 'block';
    return 1;
  }
}

function toggleBox(szDivId, elem, msg1, msg2)
{
  var res = -1;  if (document.getElementById) {
    res = flip(document.getElementById(szDivId));
  }
  else if (document.all) {
    // this is the way old msie versions work
    res = flip(document.all[szDivId]);
  }
  if(elem) {
    if(res == 0) elem.innerHTML = msg1; else elem.innerHTML = msg2;
  }

}

function toggleAllBoxes() {
  if (document.getElementsByTagName) {
    d = document.getElementsByTagName('div');
    for (i = 0; i < d.length; i++) {
      if (d[i].className == 'log') {
        flip(d[i]);
      }
    }
  }
}

// -->
</script>

</head>
<body>
<h2 align='center'>PT_FB_TC_05_ToverifyGroupADD Test</h2><table border='1' align="center">
<tr>
<td>Tests passed/Failed/Skipped:</td><td>1/0/9</td>
</tr><tr>
<td>Started on:</td><td>Thu Feb 25 19:54:46 IST 2016</td>
</tr>
<tr><td>Total time:</td><td>8 seconds (8327 ms)</td>
</tr><tr>
<td>Included groups:</td><td></td>
</tr><tr>
<td>Excluded groups:</td><td></td>
</tr>
</table><p/>
<small><i>(Hover the method name to see the test class name)</i></small><p/>
<table width='100%' border='1' class='invocation-passed'>
<tr><td colspan='4' align='center'><b>PASSED TESTS</b></td></tr>
<tr><td><b>Test method</b></td>
<td width="30%"><b>Exception</b></td>
<td width="10%"><b>Time (seconds)</b></td>
<td><b>Instance</b></td>
</tr>
<tr>
<td title='org.ivymobility.com.ProductTagging.PT_FB_TC_05_ToverifyGroupADD.test1()'><b>test1</b><br>Test class: org.ivymobility.com.ProductTagging.PT_FB_TC_05_ToverifyGroupADD<br>Parameters: AT_FB_GP_01, AT_FB_GP_01</td>
<td></td>
<td>8</td>
<td>org.ivymobility.com.ProductTagging.PT_FB_TC_05_ToverifyGroupADD@2d30be8c</td></tr>
</table><p>
<table width='100%' border='1' class='invocation-skipped'>
<tr><td colspan='4' align='center'><b>SKIPPED TESTS</b></td></tr>
<tr><td><b>Test method</b></td>
<td width="30%"><b>Exception</b></td>
<td width="10%"><b>Time (seconds)</b></td>
<td><b>Instance</b></td>
</tr>
<tr>
<td title='org.ivymobility.com.ProductTagging.PT_FB_TC_05_ToverifyGroupADD.test1()'><b>test1</b><br>Test class: org.ivymobility.com.ProductTagging.PT_FB_TC_05_ToverifyGroupADD<br>Parameters: AT_FB_GP_02, AT_FB_GP_02</td>
<td><div><pre>org.testng.SkipException: Run mode to test data was set to NO for row #1
	at org.ivymobility.com.ProductTagging.PT_FB_TC_05_ToverifyGroupADD.test1(PT_FB_TC_05_ToverifyGroupADD.java:51)
... Removed 24 stack frames</pre></div><a href='#' onClick='toggleBox("stack-trace903148170", this, "Click to show all stack frames", "Click to hide stack frames")'>Click to show all stack frames</a>
<div class='stack-trace' id='stack-trace903148170'><pre>org.testng.SkipException: Run mode to test data was set to NO for row #1
	at org.ivymobility.com.ProductTagging.PT_FB_TC_05_ToverifyGroupADD.test1(PT_FB_TC_05_ToverifyGroupADD.java:51)
	at sun.reflect.NativeMethodAccessorImpl.invoke0(Native Method)
	at sun.reflect.NativeMethodAccessorImpl.invoke(Unknown Source)
	at sun.reflect.DelegatingMethodAccessorImpl.invoke(Unknown Source)
	at java.lang.reflect.Method.invoke(Unknown Source)
	at org.testng.internal.MethodInvocationHelper.invokeMethod(MethodInvocationHelper.java:84)
	at org.testng.internal.Invoker.invokeMethod(Invoker.java:714)
	at org.testng.internal.Invoker.invokeTestMethod(Invoker.java:901)
	at org.testng.internal.Invoker.invokeTestMethods(Invoker.java:1231)
	at org.testng.internal.TestMethodWorker.invokeTestMethods(TestMethodWorker.java:127)
	at org.testng.internal.TestMethodWorker.run(TestMethodWorker.java:111)
	at org.testng.TestRunner.privateRun(TestRunner.java:767)
	at org.testng.TestRunner.run(TestRunner.java:617)
	at org.testng.SuiteRunner.runTest(SuiteRunner.java:334)
	at org.testng.SuiteRunner.runSequentially(SuiteRunner.java:329)
	at org.testng.SuiteRunner.privateRun(SuiteRunner.java:291)
	at org.testng.SuiteRunner.run(SuiteRunner.java:240)
	at org.testng.SuiteRunnerWorker.runSuite(SuiteRunnerWorker.java:52)
	at org.testng.SuiteRunnerWorker.run(SuiteRunnerWorker.java:86)
	at org.testng.TestNG.runSuitesSequentially(TestNG.java:1224)
	at org.testng.TestNG.runSuitesLocally(TestNG.java:1149)
	at org.testng.TestNG.run(TestNG.java:1057)
	at org.testng.remote.RemoteTestNG.run(RemoteTestNG.java:111)
	at org.testng.remote.RemoteTestNG.initAndRun(RemoteTestNG.java:204)
	at org.testng.remote.RemoteTestNG.main(RemoteTestNG.java:175)
</pre></div></td>
<td>0</td>
<td>org.ivymobility.com.ProductTagging.PT_FB_TC_05_ToverifyGroupADD@2d30be8c</td></tr>
<tr>
<td title='org.ivymobility.com.ProductTagging.PT_FB_TC_05_ToverifyGroupADD.test1()'><b>test1</b><br>Test class: org.ivymobility.com.ProductTagging.PT_FB_TC_05_ToverifyGroupADD<br>Parameters: AT_FB_GP_03, AT_FB_GP_03</td>
<td><div><pre>org.testng.SkipException: Run mode to test data was set to NO for row #2
	at org.ivymobility.com.ProductTagging.PT_FB_TC_05_ToverifyGroupADD.test1(PT_FB_TC_05_ToverifyGroupADD.java:51)
... Removed 24 stack frames</pre></div><a href='#' onClick='toggleBox("stack-trace1032851364", this, "Click to show all stack frames", "Click to hide stack frames")'>Click to show all stack frames</a>
<div class='stack-trace' id='stack-trace1032851364'><pre>org.testng.SkipException: Run mode to test data was set to NO for row #2
	at org.ivymobility.com.ProductTagging.PT_FB_TC_05_ToverifyGroupADD.test1(PT_FB_TC_05_ToverifyGroupADD.java:51)
	at sun.reflect.NativeMethodAccessorImpl.invoke0(Native Method)
	at sun.reflect.NativeMethodAccessorImpl.invoke(Unknown Source)
	at sun.reflect.DelegatingMethodAccessorImpl.invoke(Unknown Source)
	at java.lang.reflect.Method.invoke(Unknown Source)
	at org.testng.internal.MethodInvocationHelper.invokeMethod(MethodInvocationHelper.java:84)
	at org.testng.internal.Invoker.invokeMethod(Invoker.java:714)
	at org.testng.internal.Invoker.invokeTestMethod(Invoker.java:901)
	at org.testng.internal.Invoker.invokeTestMethods(Invoker.java:1231)
	at org.testng.internal.TestMethodWorker.invokeTestMethods(TestMethodWorker.java:127)
	at org.testng.internal.TestMethodWorker.run(TestMethodWorker.java:111)
	at org.testng.TestRunner.privateRun(TestRunner.java:767)
	at org.testng.TestRunner.run(TestRunner.java:617)
	at org.testng.SuiteRunner.runTest(SuiteRunner.java:334)
	at org.testng.SuiteRunner.runSequentially(SuiteRunner.java:329)
	at org.testng.SuiteRunner.privateRun(SuiteRunner.java:291)
	at org.testng.SuiteRunner.run(SuiteRunner.java:240)
	at org.testng.SuiteRunnerWorker.runSuite(SuiteRunnerWorker.java:52)
	at org.testng.SuiteRunnerWorker.run(SuiteRunnerWorker.java:86)
	at org.testng.TestNG.runSuitesSequentially(TestNG.java:1224)
	at org.testng.TestNG.runSuitesLocally(TestNG.java:1149)
	at org.testng.TestNG.run(TestNG.java:1057)
	at org.testng.remote.RemoteTestNG.run(RemoteTestNG.java:111)
	at org.testng.remote.RemoteTestNG.initAndRun(RemoteTestNG.java:204)
	at org.testng.remote.RemoteTestNG.main(RemoteTestNG.java:175)
</pre></div></td>
<td>0</td>
<td>org.ivymobility.com.ProductTagging.PT_FB_TC_05_ToverifyGroupADD@2d30be8c</td></tr>
<tr>
<td title='org.ivymobility.com.ProductTagging.PT_FB_TC_05_ToverifyGroupADD.test1()'><b>test1</b><br>Test class: org.ivymobility.com.ProductTagging.PT_FB_TC_05_ToverifyGroupADD<br>Parameters: AT_FB_GP_04, AT_FB_GP_04</td>
<td><div><pre>org.testng.SkipException: Run mode to test data was set to NO for row #3
	at org.ivymobility.com.ProductTagging.PT_FB_TC_05_ToverifyGroupADD.test1(PT_FB_TC_05_ToverifyGroupADD.java:51)
... Removed 24 stack frames</pre></div><a href='#' onClick='toggleBox("stack-trace1059984772", this, "Click to show all stack frames", "Click to hide stack frames")'>Click to show all stack frames</a>
<div class='stack-trace' id='stack-trace1059984772'><pre>org.testng.SkipException: Run mode to test data was set to NO for row #3
	at org.ivymobility.com.ProductTagging.PT_FB_TC_05_ToverifyGroupADD.test1(PT_FB_TC_05_ToverifyGroupADD.java:51)
	at sun.reflect.NativeMethodAccessorImpl.invoke0(Native Method)
	at sun.reflect.NativeMethodAccessorImpl.invoke(Unknown Source)
	at sun.reflect.DelegatingMethodAccessorImpl.invoke(Unknown Source)
	at java.lang.reflect.Method.invoke(Unknown Source)
	at org.testng.internal.MethodInvocationHelper.invokeMethod(MethodInvocationHelper.java:84)
	at org.testng.internal.Invoker.invokeMethod(Invoker.java:714)
	at org.testng.internal.Invoker.invokeTestMethod(Invoker.java:901)
	at org.testng.internal.Invoker.invokeTestMethods(Invoker.java:1231)
	at org.testng.internal.TestMethodWorker.invokeTestMethods(TestMethodWorker.java:127)
	at org.testng.internal.TestMethodWorker.run(TestMethodWorker.java:111)
	at org.testng.TestRunner.privateRun(TestRunner.java:767)
	at org.testng.TestRunner.run(TestRunner.java:617)
	at org.testng.SuiteRunner.runTest(SuiteRunner.java:334)
	at org.testng.SuiteRunner.runSequentially(SuiteRunner.java:329)
	at org.testng.SuiteRunner.privateRun(SuiteRunner.java:291)
	at org.testng.SuiteRunner.run(SuiteRunner.java:240)
	at org.testng.SuiteRunnerWorker.runSuite(SuiteRunnerWorker.java:52)
	at org.testng.SuiteRunnerWorker.run(SuiteRunnerWorker.java:86)
	at org.testng.TestNG.runSuitesSequentially(TestNG.java:1224)
	at org.testng.TestNG.runSuitesLocally(TestNG.java:1149)
	at org.testng.TestNG.run(TestNG.java:1057)
	at org.testng.remote.RemoteTestNG.run(RemoteTestNG.java:111)
	at org.testng.remote.RemoteTestNG.initAndRun(RemoteTestNG.java:204)
	at org.testng.remote.RemoteTestNG.main(RemoteTestNG.java:175)
</pre></div></td>
<td>0</td>
<td>org.ivymobility.com.ProductTagging.PT_FB_TC_05_ToverifyGroupADD@2d30be8c</td></tr>
<tr>
<td title='org.ivymobility.com.ProductTagging.PT_FB_TC_05_ToverifyGroupADD.test1()'><b>test1</b><br>Test class: org.ivymobility.com.ProductTagging.PT_FB_TC_05_ToverifyGroupADD<br>Parameters: AT_FB_GP_05, AT_FB_GP_05</td>
<td><div><pre>org.testng.SkipException: Run mode to test data was set to NO for row #4
	at org.ivymobility.com.ProductTagging.PT_FB_TC_05_ToverifyGroupADD.test1(PT_FB_TC_05_ToverifyGroupADD.java:51)
... Removed 24 stack frames</pre></div><a href='#' onClick='toggleBox("stack-trace416306656", this, "Click to show all stack frames", "Click to hide stack frames")'>Click to show all stack frames</a>
<div class='stack-trace' id='stack-trace416306656'><pre>org.testng.SkipException: Run mode to test data was set to NO for row #4
	at org.ivymobility.com.ProductTagging.PT_FB_TC_05_ToverifyGroupADD.test1(PT_FB_TC_05_ToverifyGroupADD.java:51)
	at sun.reflect.NativeMethodAccessorImpl.invoke0(Native Method)
	at sun.reflect.NativeMethodAccessorImpl.invoke(Unknown Source)
	at sun.reflect.DelegatingMethodAccessorImpl.invoke(Unknown Source)
	at java.lang.reflect.Method.invoke(Unknown Source)
	at org.testng.internal.MethodInvocationHelper.invokeMethod(MethodInvocationHelper.java:84)
	at org.testng.internal.Invoker.invokeMethod(Invoker.java:714)
	at org.testng.internal.Invoker.invokeTestMethod(Invoker.java:901)
	at org.testng.internal.Invoker.invokeTestMethods(Invoker.java:1231)
	at org.testng.internal.TestMethodWorker.invokeTestMethods(TestMethodWorker.java:127)
	at org.testng.internal.TestMethodWorker.run(TestMethodWorker.java:111)
	at org.testng.TestRunner.privateRun(TestRunner.java:767)
	at org.testng.TestRunner.run(TestRunner.java:617)
	at org.testng.SuiteRunner.runTest(SuiteRunner.java:334)
	at org.testng.SuiteRunner.runSequentially(SuiteRunner.java:329)
	at org.testng.SuiteRunner.privateRun(SuiteRunner.java:291)
	at org.testng.SuiteRunner.run(SuiteRunner.java:240)
	at org.testng.SuiteRunnerWorker.runSuite(SuiteRunnerWorker.java:52)
	at org.testng.SuiteRunnerWorker.run(SuiteRunnerWorker.java:86)
	at org.testng.TestNG.runSuitesSequentially(TestNG.java:1224)
	at org.testng.TestNG.runSuitesLocally(TestNG.java:1149)
	at org.testng.TestNG.run(TestNG.java:1057)
	at org.testng.remote.RemoteTestNG.run(RemoteTestNG.java:111)
	at org.testng.remote.RemoteTestNG.initAndRun(RemoteTestNG.java:204)
	at org.testng.remote.RemoteTestNG.main(RemoteTestNG.java:175)
</pre></div></td>
<td>0</td>
<td>org.ivymobility.com.ProductTagging.PT_FB_TC_05_ToverifyGroupADD@2d30be8c</td></tr>
<tr>
<td title='org.ivymobility.com.ProductTagging.PT_FB_TC_05_ToverifyGroupADD.test1()'><b>test1</b><br>Test class: org.ivymobility.com.ProductTagging.PT_FB_TC_05_ToverifyGroupADD<br>Parameters: AT_FB_GP_06, AT_FB_GP_06</td>
<td><div><pre>org.testng.SkipException: Run mode to test data was set to NO for row #5
	at org.ivymobility.com.ProductTagging.PT_FB_TC_05_ToverifyGroupADD.test1(PT_FB_TC_05_ToverifyGroupADD.java:51)
... Removed 24 stack frames</pre></div><a href='#' onClick='toggleBox("stack-trace1924321273", this, "Click to show all stack frames", "Click to hide stack frames")'>Click to show all stack frames</a>
<div class='stack-trace' id='stack-trace1924321273'><pre>org.testng.SkipException: Run mode to test data was set to NO for row #5
	at org.ivymobility.com.ProductTagging.PT_FB_TC_05_ToverifyGroupADD.test1(PT_FB_TC_05_ToverifyGroupADD.java:51)
	at sun.reflect.NativeMethodAccessorImpl.invoke0(Native Method)
	at sun.reflect.NativeMethodAccessorImpl.invoke(Unknown Source)
	at sun.reflect.DelegatingMethodAccessorImpl.invoke(Unknown Source)
	at java.lang.reflect.Method.invoke(Unknown Source)
	at org.testng.internal.MethodInvocationHelper.invokeMethod(MethodInvocationHelper.java:84)
	at org.testng.internal.Invoker.invokeMethod(Invoker.java:714)
	at org.testng.internal.Invoker.invokeTestMethod(Invoker.java:901)
	at org.testng.internal.Invoker.invokeTestMethods(Invoker.java:1231)
	at org.testng.internal.TestMethodWorker.invokeTestMethods(TestMethodWorker.java:127)
	at org.testng.internal.TestMethodWorker.run(TestMethodWorker.java:111)
	at org.testng.TestRunner.privateRun(TestRunner.java:767)
	at org.testng.TestRunner.run(TestRunner.java:617)
	at org.testng.SuiteRunner.runTest(SuiteRunner.java:334)
	at org.testng.SuiteRunner.runSequentially(SuiteRunner.java:329)
	at org.testng.SuiteRunner.privateRun(SuiteRunner.java:291)
	at org.testng.SuiteRunner.run(SuiteRunner.java:240)
	at org.testng.SuiteRunnerWorker.runSuite(SuiteRunnerWorker.java:52)
	at org.testng.SuiteRunnerWorker.run(SuiteRunnerWorker.java:86)
	at org.testng.TestNG.runSuitesSequentially(TestNG.java:1224)
	at org.testng.TestNG.runSuitesLocally(TestNG.java:1149)
	at org.testng.TestNG.run(TestNG.java:1057)
	at org.testng.remote.RemoteTestNG.run(RemoteTestNG.java:111)
	at org.testng.remote.RemoteTestNG.initAndRun(RemoteTestNG.java:204)
	at org.testng.remote.RemoteTestNG.main(RemoteTestNG.java:175)
</pre></div></td>
<td>0</td>
<td>org.ivymobility.com.ProductTagging.PT_FB_TC_05_ToverifyGroupADD@2d30be8c</td></tr>
<tr>
<td title='org.ivymobility.com.ProductTagging.PT_FB_TC_05_ToverifyGroupADD.test1()'><b>test1</b><br>Test class: org.ivymobility.com.ProductTagging.PT_FB_TC_05_ToverifyGroupADD<br>Parameters: AT_FB_GP_07, AT_FB_GP_07</td>
<td><div><pre>org.testng.SkipException: Run mode to test data was set to NO for row #6
	at org.ivymobility.com.ProductTagging.PT_FB_TC_05_ToverifyGroupADD.test1(PT_FB_TC_05_ToverifyGroupADD.java:51)
... Removed 24 stack frames</pre></div><a href='#' onClick='toggleBox("stack-trace817997876", this, "Click to show all stack frames", "Click to hide stack frames")'>Click to show all stack frames</a>
<div class='stack-trace' id='stack-trace817997876'><pre>org.testng.SkipException: Run mode to test data was set to NO for row #6
	at org.ivymobility.com.ProductTagging.PT_FB_TC_05_ToverifyGroupADD.test1(PT_FB_TC_05_ToverifyGroupADD.java:51)
	at sun.reflect.NativeMethodAccessorImpl.invoke0(Native Method)
	at sun.reflect.NativeMethodAccessorImpl.invoke(Unknown Source)
	at sun.reflect.DelegatingMethodAccessorImpl.invoke(Unknown Source)
	at java.lang.reflect.Method.invoke(Unknown Source)
	at org.testng.internal.MethodInvocationHelper.invokeMethod(MethodInvocationHelper.java:84)
	at org.testng.internal.Invoker.invokeMethod(Invoker.java:714)
	at org.testng.internal.Invoker.invokeTestMethod(Invoker.java:901)
	at org.testng.internal.Invoker.invokeTestMethods(Invoker.java:1231)
	at org.testng.internal.TestMethodWorker.invokeTestMethods(TestMethodWorker.java:127)
	at org.testng.internal.TestMethodWorker.run(TestMethodWorker.java:111)
	at org.testng.TestRunner.privateRun(TestRunner.java:767)
	at org.testng.TestRunner.run(TestRunner.java:617)
	at org.testng.SuiteRunner.runTest(SuiteRunner.java:334)
	at org.testng.SuiteRunner.runSequentially(SuiteRunner.java:329)
	at org.testng.SuiteRunner.privateRun(SuiteRunner.java:291)
	at org.testng.SuiteRunner.run(SuiteRunner.java:240)
	at org.testng.SuiteRunnerWorker.runSuite(SuiteRunnerWorker.java:52)
	at org.testng.SuiteRunnerWorker.run(SuiteRunnerWorker.java:86)
	at org.testng.TestNG.runSuitesSequentially(TestNG.java:1224)
	at org.testng.TestNG.runSuitesLocally(TestNG.java:1149)
	at org.testng.TestNG.run(TestNG.java:1057)
	at org.testng.remote.RemoteTestNG.run(RemoteTestNG.java:111)
	at org.testng.remote.RemoteTestNG.initAndRun(RemoteTestNG.java:204)
	at org.testng.remote.RemoteTestNG.main(RemoteTestNG.java:175)
</pre></div></td>
<td>0</td>
<td>org.ivymobility.com.ProductTagging.PT_FB_TC_05_ToverifyGroupADD@2d30be8c</td></tr>
<tr>
<td title='org.ivymobility.com.ProductTagging.PT_FB_TC_05_ToverifyGroupADD.test1()'><b>test1</b><br>Test class: org.ivymobility.com.ProductTagging.PT_FB_TC_05_ToverifyGroupADD<br>Parameters: AT_FB_GP_08, AT_FB_GP_08</td>
<td><div><pre>org.testng.SkipException: Run mode to test data was set to NO for row #7
	at org.ivymobility.com.ProductTagging.PT_FB_TC_05_ToverifyGroupADD.test1(PT_FB_TC_05_ToverifyGroupADD.java:51)
... Removed 24 stack frames</pre></div><a href='#' onClick='toggleBox("stack-trace1271065543", this, "Click to show all stack frames", "Click to hide stack frames")'>Click to show all stack frames</a>
<div class='stack-trace' id='stack-trace1271065543'><pre>org.testng.SkipException: Run mode to test data was set to NO for row #7
	at org.ivymobility.com.ProductTagging.PT_FB_TC_05_ToverifyGroupADD.test1(PT_FB_TC_05_ToverifyGroupADD.java:51)
	at sun.reflect.NativeMethodAccessorImpl.invoke0(Native Method)
	at sun.reflect.NativeMethodAccessorImpl.invoke(Unknown Source)
	at sun.reflect.DelegatingMethodAccessorImpl.invoke(Unknown Source)
	at java.lang.reflect.Method.invoke(Unknown Source)
	at org.testng.internal.MethodInvocationHelper.invokeMethod(MethodInvocationHelper.java:84)
	at org.testng.internal.Invoker.invokeMethod(Invoker.java:714)
	at org.testng.internal.Invoker.invokeTestMethod(Invoker.java:901)
	at org.testng.internal.Invoker.invokeTestMethods(Invoker.java:1231)
	at org.testng.internal.TestMethodWorker.invokeTestMethods(TestMethodWorker.java:127)
	at org.testng.internal.TestMethodWorker.run(TestMethodWorker.java:111)
	at org.testng.TestRunner.privateRun(TestRunner.java:767)
	at org.testng.TestRunner.run(TestRunner.java:617)
	at org.testng.SuiteRunner.runTest(SuiteRunner.java:334)
	at org.testng.SuiteRunner.runSequentially(SuiteRunner.java:329)
	at org.testng.SuiteRunner.privateRun(SuiteRunner.java:291)
	at org.testng.SuiteRunner.run(SuiteRunner.java:240)
	at org.testng.SuiteRunnerWorker.runSuite(SuiteRunnerWorker.java:52)
	at org.testng.SuiteRunnerWorker.run(SuiteRunnerWorker.java:86)
	at org.testng.TestNG.runSuitesSequentially(TestNG.java:1224)
	at org.testng.TestNG.runSuitesLocally(TestNG.java:1149)
	at org.testng.TestNG.run(TestNG.java:1057)
	at org.testng.remote.RemoteTestNG.run(RemoteTestNG.java:111)
	at org.testng.remote.RemoteTestNG.initAndRun(RemoteTestNG.java:204)
	at org.testng.remote.RemoteTestNG.main(RemoteTestNG.java:175)
</pre></div></td>
<td>0</td>
<td>org.ivymobility.com.ProductTagging.PT_FB_TC_05_ToverifyGroupADD@2d30be8c</td></tr>
<tr>
<td title='org.ivymobility.com.ProductTagging.PT_FB_TC_05_ToverifyGroupADD.test1()'><b>test1</b><br>Test class: org.ivymobility.com.ProductTagging.PT_FB_TC_05_ToverifyGroupADD<br>Parameters: AT_FB_GP_09, AT_FB_GP_09</td>
<td><div><pre>org.testng.SkipException: Run mode to test data was set to NO for row #8
	at org.ivymobility.com.ProductTagging.PT_FB_TC_05_ToverifyGroupADD.test1(PT_FB_TC_05_ToverifyGroupADD.java:51)
... Removed 24 stack frames</pre></div><a href='#' onClick='toggleBox("stack-trace681333336", this, "Click to show all stack frames", "Click to hide stack frames")'>Click to show all stack frames</a>
<div class='stack-trace' id='stack-trace681333336'><pre>org.testng.SkipException: Run mode to test data was set to NO for row #8
	at org.ivymobility.com.ProductTagging.PT_FB_TC_05_ToverifyGroupADD.test1(PT_FB_TC_05_ToverifyGroupADD.java:51)
	at sun.reflect.NativeMethodAccessorImpl.invoke0(Native Method)
	at sun.reflect.NativeMethodAccessorImpl.invoke(Unknown Source)
	at sun.reflect.DelegatingMethodAccessorImpl.invoke(Unknown Source)
	at java.lang.reflect.Method.invoke(Unknown Source)
	at org.testng.internal.MethodInvocationHelper.invokeMethod(MethodInvocationHelper.java:84)
	at org.testng.internal.Invoker.invokeMethod(Invoker.java:714)
	at org.testng.internal.Invoker.invokeTestMethod(Invoker.java:901)
	at org.testng.internal.Invoker.invokeTestMethods(Invoker.java:1231)
	at org.testng.internal.TestMethodWorker.invokeTestMethods(TestMethodWorker.java:127)
	at org.testng.internal.TestMethodWorker.run(TestMethodWorker.java:111)
	at org.testng.TestRunner.privateRun(TestRunner.java:767)
	at org.testng.TestRunner.run(TestRunner.java:617)
	at org.testng.SuiteRunner.runTest(SuiteRunner.java:334)
	at org.testng.SuiteRunner.runSequentially(SuiteRunner.java:329)
	at org.testng.SuiteRunner.privateRun(SuiteRunner.java:291)
	at org.testng.SuiteRunner.run(SuiteRunner.java:240)
	at org.testng.SuiteRunnerWorker.runSuite(SuiteRunnerWorker.java:52)
	at org.testng.SuiteRunnerWorker.run(SuiteRunnerWorker.java:86)
	at org.testng.TestNG.runSuitesSequentially(TestNG.java:1224)
	at org.testng.TestNG.runSuitesLocally(TestNG.java:1149)
	at org.testng.TestNG.run(TestNG.java:1057)
	at org.testng.remote.RemoteTestNG.run(RemoteTestNG.java:111)
	at org.testng.remote.RemoteTestNG.initAndRun(RemoteTestNG.java:204)
	at org.testng.remote.RemoteTestNG.main(RemoteTestNG.java:175)
</pre></div></td>
<td>0</td>
<td>org.ivymobility.com.ProductTagging.PT_FB_TC_05_ToverifyGroupADD@2d30be8c</td></tr>
<tr>
<td title='org.ivymobility.com.ProductTagging.PT_FB_TC_05_ToverifyGroupADD.test1()'><b>test1</b><br>Test class: org.ivymobility.com.ProductTagging.PT_FB_TC_05_ToverifyGroupADD<br>Parameters: AT_FB_GP_10, AT_FB_GP_10</td>
<td><div><pre>org.testng.SkipException: Run mode to test data was set to NO for row #9
	at org.ivymobility.com.ProductTagging.PT_FB_TC_05_ToverifyGroupADD.test1(PT_FB_TC_05_ToverifyGroupADD.java:51)
... Removed 24 stack frames</pre></div><a href='#' onClick='toggleBox("stack-trace1990427308", this, "Click to show all stack frames", "Click to hide stack frames")'>Click to show all stack frames</a>
<div class='stack-trace' id='stack-trace1990427308'><pre>org.testng.SkipException: Run mode to test data was set to NO for row #9
	at org.ivymobility.com.ProductTagging.PT_FB_TC_05_ToverifyGroupADD.test1(PT_FB_TC_05_ToverifyGroupADD.java:51)
	at sun.reflect.NativeMethodAccessorImpl.invoke0(Native Method)
	at sun.reflect.NativeMethodAccessorImpl.invoke(Unknown Source)
	at sun.reflect.DelegatingMethodAccessorImpl.invoke(Unknown Source)
	at java.lang.reflect.Method.invoke(Unknown Source)
	at org.testng.internal.MethodInvocationHelper.invokeMethod(MethodInvocationHelper.java:84)
	at org.testng.internal.Invoker.invokeMethod(Invoker.java:714)
	at org.testng.internal.Invoker.invokeTestMethod(Invoker.java:901)
	at org.testng.internal.Invoker.invokeTestMethods(Invoker.java:1231)
	at org.testng.internal.TestMethodWorker.invokeTestMethods(TestMethodWorker.java:127)
	at org.testng.internal.TestMethodWorker.run(TestMethodWorker.java:111)
	at org.testng.TestRunner.privateRun(TestRunner.java:767)
	at org.testng.TestRunner.run(TestRunner.java:617)
	at org.testng.SuiteRunner.runTest(SuiteRunner.java:334)
	at org.testng.SuiteRunner.runSequentially(SuiteRunner.java:329)
	at org.testng.SuiteRunner.privateRun(SuiteRunner.java:291)
	at org.testng.SuiteRunner.run(SuiteRunner.java:240)
	at org.testng.SuiteRunnerWorker.runSuite(SuiteRunnerWorker.java:52)
	at org.testng.SuiteRunnerWorker.run(SuiteRunnerWorker.java:86)
	at org.testng.TestNG.runSuitesSequentially(TestNG.java:1224)
	at org.testng.TestNG.runSuitesLocally(TestNG.java:1149)
	at org.testng.TestNG.run(TestNG.java:1057)
	at org.testng.remote.RemoteTestNG.run(RemoteTestNG.java:111)
	at org.testng.remote.RemoteTestNG.initAndRun(RemoteTestNG.java:204)
	at org.testng.remote.RemoteTestNG.main(RemoteTestNG.java:175)
</pre></div></td>
<td>0</td>
<td>org.ivymobility.com.ProductTagging.PT_FB_TC_05_ToverifyGroupADD@2d30be8c</td></tr>
</table><p>
</body>
</html>